The target system is: Generic -  - arm
The host system is: Linux - 3.10.0-1160.59.1.el7.x86_64 - x86_64
Compiling the C compiler identification source file "CMakeCCompilerId.c" succeeded.
Compiler: /opt/gcc-arm-none-eabi-5_4-2016q3/bin/arm-none-eabi-gcc 
Build flags: -DWIFI_BLE_COEXIST;-DCONFIG_CMAKE=1;-DBK_MAC=1;-Wl,--gc-sections;-nostdlib;-Wl,-wrap,malloc;-Wl,-wrap,_malloc_r;-Wl,-wrap,free;-Wl,-wrap,_free_r;-Wl,-wrap,zalloc;-Wl,-wrap,calloc;-Wl,-wrap,realloc;;-Wl,-wrap,_realloc_r;-Wl,-wrap,printf;-Wl,-wrap,vsnprintf;-Wl,-wrap,snprintf;-Wl,-wrap,sprintf;-Wl,-wrap,puts
Id flags:  

The output was:
0
/home/opt/gcc-arm-none-eabi-5_4-2016q3/bin/../lib/gcc/arm-none-eabi/5.4.1/../../../../arm-none-eabi/bin/ld: warning: cannot find entry symbol _start; defaulting to 00008000


Compilation of the C compiler identification source "CMakeCCompilerId.c" produced "a.out"

Compiling the C compiler identification source file "CMakeCCompilerId.c" succeeded.
Compiler: /opt/gcc-arm-none-eabi-5_4-2016q3/bin/arm-none-eabi-gcc 
Build flags: -DWIFI_BLE_COEXIST;-DCONFIG_CMAKE=1;-DBK_MAC=1;-Wl,--gc-sections;-nostdlib;-Wl,-wrap,malloc;-Wl,-wrap,_malloc_r;-Wl,-wrap,free;-Wl,-wrap,_free_r;-Wl,-wrap,zalloc;-Wl,-wrap,calloc;-Wl,-wrap,realloc;;-Wl,-wrap,_realloc_r;-Wl,-wrap,printf;-Wl,-wrap,vsnprintf;-Wl,-wrap,snprintf;-Wl,-wrap,sprintf;-Wl,-wrap,puts
Id flags: -c 

The output was:
0


Compilation of the C compiler identification source "CMakeCCompilerId.c" produced "CMakeCCompilerId.o"

The C compiler identification is GNU, found in "/home/jenkins/workspace/Armino_SDK_Push/armino/build/bk7231n/CMakeFiles/3.22.3/CompilerIdC/CMakeCCompilerId.o"

Compiling the CXX compiler identification source file "CMakeCXXCompilerId.cpp" succeeded.
Compiler: /opt/gcc-arm-none-eabi-5_4-2016q3/bin/arm-none-eabi-g++ 
Build flags: -nostdlib
Id flags:  

The output was:
0
/home/opt/gcc-arm-none-eabi-5_4-2016q3/bin/../lib/gcc/arm-none-eabi/5.4.1/../../../../arm-none-eabi/bin/ld: warning: cannot find entry symbol _start; defaulting to 00008000


Compilation of the CXX compiler identification source "CMakeCXXCompilerId.cpp" produced "a.out"

The CXX compiler identification is GNU, found in "/home/jenkins/workspace/Armino_SDK_Push/armino/build/bk7231n/CMakeFiles/3.22.3/CompilerIdCXX/a.out"

Checking whether the ASM compiler is GNU using "--version" matched "(GNU assembler)|(GCC)|(Free Software Foundation)":
arm-none-eabi-gcc (GNU Tools for ARM Embedded Processors) 5.4.1 20160919 (release) [ARM/embedded-5-branch revision 240496]
Copyright (C) 2015 Free Software Foundation, Inc.
This is free software; see the source for copying conditions.  There is NO
warranty; not even for MERCHANTABILITY or FITNESS FOR A PARTICULAR PURPOSE.

Detecting C compiler ABI info compiled with the following output:
Change Dir: /home/jenkins/workspace/Armino_SDK_Push/armino/build/bk7231n/CMakeFiles/CMakeTmp

Run Build Command(s):/usr/bin/ninja-build cmTC_f346c && [1/2] Building C object CMakeFiles/cmTC_f346c.dir/CMakeCCompilerABI.c.obj
Using built-in specs.
COLLECT_GCC=/opt/gcc-arm-none-eabi-5_4-2016q3/bin/arm-none-eabi-gcc
Target: arm-none-eabi
Configured with: /home/build/work/GCC-5-build/src/gcc/configure --target=arm-none-eabi --prefix=/home/build/work/GCC-5-build/install-native --libexecdir=/home/build/work/GCC-5-build/install-native/lib --infodir=/home/build/work/GCC-5-build/install-native/share/doc/gcc-arm-none-eabi/info --mandir=/home/build/work/GCC-5-build/install-native/share/doc/gcc-arm-none-eabi/man --htmldir=/home/build/work/GCC-5-build/install-native/share/doc/gcc-arm-none-eabi/html --pdfdir=/home/build/work/GCC-5-build/install-native/share/doc/gcc-arm-none-eabi/pdf --enable-languages=c,c++ --enable-plugins --disable-decimal-float --disable-libffi --disable-libgomp --disable-libmudflap --disable-libquadmath --disable-libssp --disable-libstdcxx-pch --disable-nls --disable-shared --disable-threads --disable-tls --with-gnu-as --with-gnu-ld --with-newlib --with-headers=yes --with-python-dir=share/gcc-arm-none-eabi --with-sysroot=/home/build/work/GCC-5-build/install-native/arm-none-eabi --build=i686-linux-gnu --host=i686-linux-gnu --with-gmp=/home/build/work/GCC-5-build/build-native/host-libs/usr --with-mpfr=/home/build/work/GCC-5-build/build-native/host-libs/usr --with-mpc=/home/build/work/GCC-5-build/build-native/host-libs/usr --with-isl=/home/build/work/GCC-5-build/build-native/host-libs/usr --with-cloog=/home/build/work/GCC-5-build/build-native/host-libs/usr --with-libelf=/home/build/work/GCC-5-build/build-native/host-libs/usr --with-host-libstdcxx='-static-libgcc -Wl,-Bstatic,-lstdc++,-Bdynamic -lm' --with-pkgversion='GNU Tools for ARM Embedded Processors' --with-multilib-list=armv6-m,armv7-m,armv7e-m,armv7-r,armv8-m.base,armv8-m.main
Thread model: single
gcc version 5.4.1 20160919 (release) [ARM/embedded-5-branch revision 240496] (GNU Tools for ARM Embedded Processors) 
COLLECT_GCC_OPTIONS='-D' 'WIFI_BLE_COEXIST' '-D' 'CONFIG_CMAKE=1' '-D' 'BK_MAC=1' '-nostdlib' '-v' '-o' 'CMakeFiles/cmTC_f346c.dir/CMakeCCompilerABI.c.obj' '-c'
 /home/opt/gcc-arm-none-eabi-5_4-2016q3/bin/../lib/gcc/arm-none-eabi/5.4.1/cc1 -quiet -v -iprefix /home/opt/gcc-arm-none-eabi-5_4-2016q3/bin/../lib/gcc/arm-none-eabi/5.4.1/ -isysroot /home/opt/gcc-arm-none-eabi-5_4-2016q3/bin/../arm-none-eabi -D__USES_INITFINI__ -D WIFI_BLE_COEXIST -D CONFIG_CMAKE=1 -D BK_MAC=1 /usr/local/share/cmake-3.22/Modules/CMakeCCompilerABI.c -quiet -dumpbase CMakeCCompilerABI.c -auxbase-strip CMakeFiles/cmTC_f346c.dir/CMakeCCompilerABI.c.obj -version -o /tmp/cckN746S.s
GNU C11 (GNU Tools for ARM Embedded Processors) version 5.4.1 20160919 (release) [ARM/embedded-5-branch revision 240496] (arm-none-eabi)
	compiled by GNU C version 4.7.4, GMP version 4.3.2, MPFR version 2.4.2, MPC version 0.8.1
GGC heuristics: --param ggc-min-expand=100 --param ggc-min-heapsize=131072
ignoring duplicate directory "/home/opt/gcc-arm-none-eabi-5_4-2016q3/bin/../lib/gcc/../../lib/gcc/arm-none-eabi/5.4.1/include"
ignoring nonexistent directory "/home/opt/gcc-arm-none-eabi-5_4-2016q3/bin/../arm-none-eabi/usr/local/include"
ignoring duplicate directory "/home/opt/gcc-arm-none-eabi-5_4-2016q3/bin/../lib/gcc/../../lib/gcc/arm-none-eabi/5.4.1/include-fixed"
ignoring duplicate directory "/home/opt/gcc-arm-none-eabi-5_4-2016q3/bin/../lib/gcc/../../lib/gcc/arm-none-eabi/5.4.1/../../../../arm-none-eabi/include"
ignoring nonexistent directory "/home/opt/gcc-arm-none-eabi-5_4-2016q3/bin/../arm-none-eabi/usr/include"
#include "..." search starts here:
#include <...> search starts here:
 /home/opt/gcc-arm-none-eabi-5_4-2016q3/bin/../lib/gcc/arm-none-eabi/5.4.1/include
 /home/opt/gcc-arm-none-eabi-5_4-2016q3/bin/../lib/gcc/arm-none-eabi/5.4.1/include-fixed
 /home/opt/gcc-arm-none-eabi-5_4-2016q3/bin/../lib/gcc/arm-none-eabi/5.4.1/../../../../arm-none-eabi/include
End of search list.
GNU C11 (GNU Tools for ARM Embedded Processors) version 5.4.1 20160919 (release) [ARM/embedded-5-branch revision 240496] (arm-none-eabi)
	compiled by GNU C version 4.7.4, GMP version 4.3.2, MPFR version 2.4.2, MPC version 0.8.1
GGC heuristics: --param ggc-min-expand=100 --param ggc-min-heapsize=131072
Compiler executable checksum: e6f57ade56989a528a7c5d2954d683cd
COLLECT_GCC_OPTIONS='-D' 'WIFI_BLE_COEXIST' '-D' 'CONFIG_CMAKE=1' '-D' 'BK_MAC=1' '-nostdlib' '-v' '-o' 'CMakeFiles/cmTC_f346c.dir/CMakeCCompilerABI.c.obj' '-c'
 /home/opt/gcc-arm-none-eabi-5_4-2016q3/bin/../lib/gcc/arm-none-eabi/5.4.1/../../../../arm-none-eabi/bin/as -v -meabi=5 -o CMakeFiles/cmTC_f346c.dir/CMakeCCompilerABI.c.obj /tmp/cckN746S.s
GNU assembler version 2.26.2 (arm-none-eabi) using BFD version (GNU Tools for ARM Embedded Processors) 2.26.2.20160923
COMPILER_PATH=/home/opt/gcc-arm-none-eabi-5_4-2016q3/bin/../lib/gcc/arm-none-eabi/5.4.1/:/home/opt/gcc-arm-none-eabi-5_4-2016q3/bin/../lib/gcc/:/home/opt/gcc-arm-none-eabi-5_4-2016q3/bin/../lib/gcc/arm-none-eabi/5.4.1/../../../../arm-none-eabi/bin/
LIBRARY_PATH=/home/opt/gcc-arm-none-eabi-5_4-2016q3/bin/../lib/gcc/arm-none-eabi/5.4.1/:/home/opt/gcc-arm-none-eabi-5_4-2016q3/bin/../lib/gcc/:/home/opt/gcc-arm-none-eabi-5_4-2016q3/bin/../lib/gcc/arm-none-eabi/5.4.1/../../../../arm-none-eabi/lib/:/home/opt/gcc-arm-none-eabi-5_4-2016q3/bin/../arm-none-eabi/lib/
COLLECT_GCC_OPTIONS='-D' 'WIFI_BLE_COEXIST' '-D' 'CONFIG_CMAKE=1' '-D' 'BK_MAC=1' '-nostdlib' '-v' '-o' 'CMakeFiles/cmTC_f346c.dir/CMakeCCompilerABI.c.obj' '-c'
[2/2] Linking C executable cmTC_f346c
Using built-in specs.
COLLECT_GCC=/opt/gcc-arm-none-eabi-5_4-2016q3/bin/arm-none-eabi-gcc
COLLECT_LTO_WRAPPER=/home/opt/gcc-arm-none-eabi-5_4-2016q3/bin/../lib/gcc/arm-none-eabi/5.4.1/lto-wrapper
Target: arm-none-eabi
Configured with: /home/build/work/GCC-5-build/src/gcc/configure --target=arm-none-eabi --prefix=/home/build/work/GCC-5-build/install-native --libexecdir=/home/build/work/GCC-5-build/install-native/lib --infodir=/home/build/work/GCC-5-build/install-native/share/doc/gcc-arm-none-eabi/info --mandir=/home/build/work/GCC-5-build/install-native/share/doc/gcc-arm-none-eabi/man --htmldir=/home/build/work/GCC-5-build/install-native/share/doc/gcc-arm-none-eabi/html --pdfdir=/home/build/work/GCC-5-build/install-native/share/doc/gcc-arm-none-eabi/pdf --enable-languages=c,c++ --enable-plugins --disable-decimal-float --disable-libffi --disable-libgomp --disable-libmudflap --disable-libquadmath --disable-libssp --disable-libstdcxx-pch --disable-nls --disable-shared --disable-threads --disable-tls --with-gnu-as --with-gnu-ld --with-newlib --with-headers=yes --with-python-dir=share/gcc-arm-none-eabi --with-sysroot=/home/build/work/GCC-5-build/install-native/arm-none-eabi --build=i686-linux-gnu --host=i686-linux-gnu --with-gmp=/home/build/work/GCC-5-build/build-native/host-libs/usr --with-mpfr=/home/build/work/GCC-5-build/build-native/host-libs/usr --with-mpc=/home/build/work/GCC-5-build/build-native/host-libs/usr --with-isl=/home/build/work/GCC-5-build/build-native/host-libs/usr --with-cloog=/home/build/work/GCC-5-build/build-native/host-libs/usr --with-libelf=/home/build/work/GCC-5-build/build-native/host-libs/usr --with-host-libstdcxx='-static-libgcc -Wl,-Bstatic,-lstdc++,-Bdynamic -lm' --with-pkgversion='GNU Tools for ARM Embedded Processors' --with-multilib-list=armv6-m,armv7-m,armv7e-m,armv7-r,armv8-m.base,armv8-m.main
Thread model: single
gcc version 5.4.1 20160919 (release) [ARM/embedded-5-branch revision 240496] (GNU Tools for ARM Embedded Processors) 
COMPILER_PATH=/home/opt/gcc-arm-none-eabi-5_4-2016q3/bin/../lib/gcc/arm-none-eabi/5.4.1/:/home/opt/gcc-arm-none-eabi-5_4-2016q3/bin/../lib/gcc/:/home/opt/gcc-arm-none-eabi-5_4-2016q3/bin/../lib/gcc/arm-none-eabi/5.4.1/../../../../arm-none-eabi/bin/
LIBRARY_PATH=/home/opt/gcc-arm-none-eabi-5_4-2016q3/bin/../lib/gcc/arm-none-eabi/5.4.1/:/home/opt/gcc-arm-none-eabi-5_4-2016q3/bin/../lib/gcc/:/home/opt/gcc-arm-none-eabi-5_4-2016q3/bin/../lib/gcc/arm-none-eabi/5.4.1/../../../../arm-none-eabi/lib/:/home/opt/gcc-arm-none-eabi-5_4-2016q3/bin/../arm-none-eabi/lib/
COLLECT_GCC_OPTIONS='-D' 'WIFI_BLE_COEXIST' '-D' 'CONFIG_CMAKE=1' '-D' 'BK_MAC=1' '-nostdlib' '-v' '-o' 'cmTC_f346c'
 /home/opt/gcc-arm-none-eabi-5_4-2016q3/bin/../lib/gcc/arm-none-eabi/5.4.1/collect2 -plugin /home/opt/gcc-arm-none-eabi-5_4-2016q3/bin/../lib/gcc/arm-none-eabi/5.4.1/liblto_plugin.so -plugin-opt=/home/opt/gcc-arm-none-eabi-5_4-2016q3/bin/../lib/gcc/arm-none-eabi/5.4.1/lto-wrapper -plugin-opt=-fresolution=/tmp/ccau1esV.res --sysroot=/home/opt/gcc-arm-none-eabi-5_4-2016q3/bin/../arm-none-eabi -X -o cmTC_f346c -L/home/opt/gcc-arm-none-eabi-5_4-2016q3/bin/../lib/gcc/arm-none-eabi/5.4.1 -L/home/opt/gcc-arm-none-eabi-5_4-2016q3/bin/../lib/gcc -L/home/opt/gcc-arm-none-eabi-5_4-2016q3/bin/../lib/gcc/arm-none-eabi/5.4.1/../../../../arm-none-eabi/lib -L/home/opt/gcc-arm-none-eabi-5_4-2016q3/bin/../arm-none-eabi/lib --gc-sections -wrap malloc -wrap _malloc_r -wrap free -wrap _free_r -wrap zalloc -wrap calloc -wrap realloc -wrap _realloc_r -wrap printf -wrap vsnprintf -wrap snprintf -wrap sprintf -wrap puts CMakeFiles/cmTC_f346c.dir/CMakeCCompilerABI.c.obj
/home/opt/gcc-arm-none-eabi-5_4-2016q3/bin/../lib/gcc/arm-none-eabi/5.4.1/../../../../arm-none-eabi/bin/ld: warning: cannot find entry symbol _start; defaulting to 00008000



Parsed C implicit include dir info from above output: rv=done
  found start of include info
  found start of implicit include info
    add: [/home/opt/gcc-arm-none-eabi-5_4-2016q3/bin/../lib/gcc/arm-none-eabi/5.4.1/include]
    add: [/home/opt/gcc-arm-none-eabi-5_4-2016q3/bin/../lib/gcc/arm-none-eabi/5.4.1/include-fixed]
    add: [/home/opt/gcc-arm-none-eabi-5_4-2016q3/bin/../lib/gcc/arm-none-eabi/5.4.1/../../../../arm-none-eabi/include]
  end of search list found
  collapse include dir [/home/opt/gcc-arm-none-eabi-5_4-2016q3/bin/../lib/gcc/arm-none-eabi/5.4.1/include] ==> [/home/opt/gcc-arm-none-eabi-5_4-2016q3/lib/gcc/arm-none-eabi/5.4.1/include]
  collapse include dir [/home/opt/gcc-arm-none-eabi-5_4-2016q3/bin/../lib/gcc/arm-none-eabi/5.4.1/include-fixed] ==> [/home/opt/gcc-arm-none-eabi-5_4-2016q3/lib/gcc/arm-none-eabi/5.4.1/include-fixed]
  collapse include dir [/home/opt/gcc-arm-none-eabi-5_4-2016q3/bin/../lib/gcc/arm-none-eabi/5.4.1/../../../../arm-none-eabi/include] ==> [/home/opt/gcc-arm-none-eabi-5_4-2016q3/arm-none-eabi/include]
  implicit include dirs: [/home/opt/gcc-arm-none-eabi-5_4-2016q3/lib/gcc/arm-none-eabi/5.4.1/include;/home/opt/gcc-arm-none-eabi-5_4-2016q3/lib/gcc/arm-none-eabi/5.4.1/include-fixed;/home/opt/gcc-arm-none-eabi-5_4-2016q3/arm-none-eabi/include]


Parsed C implicit link information from above output:
  link line regex: [^( *|.*[/\])(arm-none-eabi-ld|CMAKE_LINK_STARTFILE-NOTFOUND|([^/\]+-)?ld|collect2)[^/\]*( |$)]
  ignore line: [Change Dir: /home/jenkins/workspace/Armino_SDK_Push/armino/build/bk7231n/CMakeFiles/CMakeTmp]
  ignore line: []
  ignore line: [Run Build Command(s):/usr/bin/ninja-build cmTC_f346c && [1/2] Building C object CMakeFiles/cmTC_f346c.dir/CMakeCCompilerABI.c.obj]
  ignore line: [Using built-in specs.]
  ignore line: [COLLECT_GCC=/opt/gcc-arm-none-eabi-5_4-2016q3/bin/arm-none-eabi-gcc]
  ignore line: [Target: arm-none-eabi]
  ignore line: [Configured with: /home/build/work/GCC-5-build/src/gcc/configure --target=arm-none-eabi --prefix=/home/build/work/GCC-5-build/install-native --libexecdir=/home/build/work/GCC-5-build/install-native/lib --infodir=/home/build/work/GCC-5-build/install-native/share/doc/gcc-arm-none-eabi/info --mandir=/home/build/work/GCC-5-build/install-native/share/doc/gcc-arm-none-eabi/man --htmldir=/home/build/work/GCC-5-build/install-native/share/doc/gcc-arm-none-eabi/html --pdfdir=/home/build/work/GCC-5-build/install-native/share/doc/gcc-arm-none-eabi/pdf --enable-languages=c,c++ --enable-plugins --disable-decimal-float --disable-libffi --disable-libgomp --disable-libmudflap --disable-libquadmath --disable-libssp --disable-libstdcxx-pch --disable-nls --disable-shared --disable-threads --disable-tls --with-gnu-as --with-gnu-ld --with-newlib --with-headers=yes --with-python-dir=share/gcc-arm-none-eabi --with-sysroot=/home/build/work/GCC-5-build/install-native/arm-none-eabi --build=i686-linux-gnu --host=i686-linux-gnu --with-gmp=/home/build/work/GCC-5-build/build-native/host-libs/usr --with-mpfr=/home/build/work/GCC-5-build/build-native/host-libs/usr --with-mpc=/home/build/work/GCC-5-build/build-native/host-libs/usr --with-isl=/home/build/work/GCC-5-build/build-native/host-libs/usr --with-cloog=/home/build/work/GCC-5-build/build-native/host-libs/usr --with-libelf=/home/build/work/GCC-5-build/build-native/host-libs/usr --with-host-libstdcxx='-static-libgcc -Wl,-Bstatic,-lstdc++,-Bdynamic -lm' --with-pkgversion='GNU Tools for ARM Embedded Processors' --with-multilib-list=armv6-m,armv7-m,armv7e-m,armv7-r,armv8-m.base,armv8-m.main]
  ignore line: [Thread model: single]
  ignore line: [gcc version 5.4.1 20160919 (release) [ARM/embedded-5-branch revision 240496] (GNU Tools for ARM Embedded Processors) ]
  ignore line: [COLLECT_GCC_OPTIONS='-D' 'WIFI_BLE_COEXIST' '-D' 'CONFIG_CMAKE=1' '-D' 'BK_MAC=1' '-nostdlib' '-v' '-o' 'CMakeFiles/cmTC_f346c.dir/CMakeCCompilerABI.c.obj' '-c']
  ignore line: [ /home/opt/gcc-arm-none-eabi-5_4-2016q3/bin/../lib/gcc/arm-none-eabi/5.4.1/cc1 -quiet -v -iprefix /home/opt/gcc-arm-none-eabi-5_4-2016q3/bin/../lib/gcc/arm-none-eabi/5.4.1/ -isysroot /home/opt/gcc-arm-none-eabi-5_4-2016q3/bin/../arm-none-eabi -D__USES_INITFINI__ -D WIFI_BLE_COEXIST -D CONFIG_CMAKE=1 -D BK_MAC=1 /usr/local/share/cmake-3.22/Modules/CMakeCCompilerABI.c -quiet -dumpbase CMakeCCompilerABI.c -auxbase-strip CMakeFiles/cmTC_f346c.dir/CMakeCCompilerABI.c.obj -version -o /tmp/cckN746S.s]
  ignore line: [GNU C11 (GNU Tools for ARM Embedded Processors) version 5.4.1 20160919 (release) [ARM/embedded-5-branch revision 240496] (arm-none-eabi)]
  ignore line: [	compiled by GNU C version 4.7.4  GMP version 4.3.2  MPFR version 2.4.2  MPC version 0.8.1]
  ignore line: [GGC heuristics: --param ggc-min-expand=100 --param ggc-min-heapsize=131072]
  ignore line: [ignoring duplicate directory "/home/opt/gcc-arm-none-eabi-5_4-2016q3/bin/../lib/gcc/../../lib/gcc/arm-none-eabi/5.4.1/include"]
  ignore line: [ignoring nonexistent directory "/home/opt/gcc-arm-none-eabi-5_4-2016q3/bin/../arm-none-eabi/usr/local/include"]
  ignore line: [ignoring duplicate directory "/home/opt/gcc-arm-none-eabi-5_4-2016q3/bin/../lib/gcc/../../lib/gcc/arm-none-eabi/5.4.1/include-fixed"]
  ignore line: [ignoring duplicate directory "/home/opt/gcc-arm-none-eabi-5_4-2016q3/bin/../lib/gcc/../../lib/gcc/arm-none-eabi/5.4.1/../../../../arm-none-eabi/include"]
  ignore line: [ignoring nonexistent directory "/home/opt/gcc-arm-none-eabi-5_4-2016q3/bin/../arm-none-eabi/usr/include"]
  ignore line: [#include "..." search starts here:]
  ignore line: [#include <...> search starts here:]
  ignore line: [ /home/opt/gcc-arm-none-eabi-5_4-2016q3/bin/../lib/gcc/arm-none-eabi/5.4.1/include]
  ignore line: [ /home/opt/gcc-arm-none-eabi-5_4-2016q3/bin/../lib/gcc/arm-none-eabi/5.4.1/include-fixed]
  ignore line: [ /home/opt/gcc-arm-none-eabi-5_4-2016q3/bin/../lib/gcc/arm-none-eabi/5.4.1/../../../../arm-none-eabi/include]
  ignore line: [End of search list.]
  ignore line: [GNU C11 (GNU Tools for ARM Embedded Processors) version 5.4.1 20160919 (release) [ARM/embedded-5-branch revision 240496] (arm-none-eabi)]
  ignore line: [	compiled by GNU C version 4.7.4  GMP version 4.3.2  MPFR version 2.4.2  MPC version 0.8.1]
  ignore line: [GGC heuristics: --param ggc-min-expand=100 --param ggc-min-heapsize=131072]
  ignore line: [Compiler executable checksum: e6f57ade56989a528a7c5d2954d683cd]
  ignore line: [COLLECT_GCC_OPTIONS='-D' 'WIFI_BLE_COEXIST' '-D' 'CONFIG_CMAKE=1' '-D' 'BK_MAC=1' '-nostdlib' '-v' '-o' 'CMakeFiles/cmTC_f346c.dir/CMakeCCompilerABI.c.obj' '-c']
  ignore line: [ /home/opt/gcc-arm-none-eabi-5_4-2016q3/bin/../lib/gcc/arm-none-eabi/5.4.1/../../../../arm-none-eabi/bin/as -v -meabi=5 -o CMakeFiles/cmTC_f346c.dir/CMakeCCompilerABI.c.obj /tmp/cckN746S.s]
  ignore line: [GNU assembler version 2.26.2 (arm-none-eabi) using BFD version (GNU Tools for ARM Embedded Processors) 2.26.2.20160923]
  ignore line: [COMPILER_PATH=/home/opt/gcc-arm-none-eabi-5_4-2016q3/bin/../lib/gcc/arm-none-eabi/5.4.1/:/home/opt/gcc-arm-none-eabi-5_4-2016q3/bin/../lib/gcc/:/home/opt/gcc-arm-none-eabi-5_4-2016q3/bin/../lib/gcc/arm-none-eabi/5.4.1/../../../../arm-none-eabi/bin/]
  ignore line: [LIBRARY_PATH=/home/opt/gcc-arm-none-eabi-5_4-2016q3/bin/../lib/gcc/arm-none-eabi/5.4.1/:/home/opt/gcc-arm-none-eabi-5_4-2016q3/bin/../lib/gcc/:/home/opt/gcc-arm-none-eabi-5_4-2016q3/bin/../lib/gcc/arm-none-eabi/5.4.1/../../../../arm-none-eabi/lib/:/home/opt/gcc-arm-none-eabi-5_4-2016q3/bin/../arm-none-eabi/lib/]
  ignore line: [COLLECT_GCC_OPTIONS='-D' 'WIFI_BLE_COEXIST' '-D' 'CONFIG_CMAKE=1' '-D' 'BK_MAC=1' '-nostdlib' '-v' '-o' 'CMakeFiles/cmTC_f346c.dir/CMakeCCompilerABI.c.obj' '-c']
  ignore line: [[2/2] Linking C executable cmTC_f346c]
  ignore line: [Using built-in specs.]
  ignore line: [COLLECT_GCC=/opt/gcc-arm-none-eabi-5_4-2016q3/bin/arm-none-eabi-gcc]
  ignore line: [COLLECT_LTO_WRAPPER=/home/opt/gcc-arm-none-eabi-5_4-2016q3/bin/../lib/gcc/arm-none-eabi/5.4.1/lto-wrapper]
  ignore line: [Target: arm-none-eabi]
  ignore line: [Configured with: /home/build/work/GCC-5-build/src/gcc/configure --target=arm-none-eabi --prefix=/home/build/work/GCC-5-build/install-native --libexecdir=/home/build/work/GCC-5-build/install-native/lib --infodir=/home/build/work/GCC-5-build/install-native/share/doc/gcc-arm-none-eabi/info --mandir=/home/build/work/GCC-5-build/install-native/share/doc/gcc-arm-none-eabi/man --htmldir=/home/build/work/GCC-5-build/install-native/share/doc/gcc-arm-none-eabi/html --pdfdir=/home/build/work/GCC-5-build/install-native/share/doc/gcc-arm-none-eabi/pdf --enable-languages=c,c++ --enable-plugins --disable-decimal-float --disable-libffi --disable-libgomp --disable-libmudflap --disable-libquadmath --disable-libssp --disable-libstdcxx-pch --disable-nls --disable-shared --disable-threads --disable-tls --with-gnu-as --with-gnu-ld --with-newlib --with-headers=yes --with-python-dir=share/gcc-arm-none-eabi --with-sysroot=/home/build/work/GCC-5-build/install-native/arm-none-eabi --build=i686-linux-gnu --host=i686-linux-gnu --with-gmp=/home/build/work/GCC-5-build/build-native/host-libs/usr --with-mpfr=/home/build/work/GCC-5-build/build-native/host-libs/usr --with-mpc=/home/build/work/GCC-5-build/build-native/host-libs/usr --with-isl=/home/build/work/GCC-5-build/build-native/host-libs/usr --with-cloog=/home/build/work/GCC-5-build/build-native/host-libs/usr --with-libelf=/home/build/work/GCC-5-build/build-native/host-libs/usr --with-host-libstdcxx='-static-libgcc -Wl,-Bstatic,-lstdc++,-Bdynamic -lm' --with-pkgversion='GNU Tools for ARM Embedded Processors' --with-multilib-list=armv6-m,armv7-m,armv7e-m,armv7-r,armv8-m.base,armv8-m.main]
  ignore line: [Thread model: single]
  ignore line: [gcc version 5.4.1 20160919 (release) [ARM/embedded-5-branch revision 240496] (GNU Tools for ARM Embedded Processors) ]
  ignore line: [COMPILER_PATH=/home/opt/gcc-arm-none-eabi-5_4-2016q3/bin/../lib/gcc/arm-none-eabi/5.4.1/:/home/opt/gcc-arm-none-eabi-5_4-2016q3/bin/../lib/gcc/:/home/opt/gcc-arm-none-eabi-5_4-2016q3/bin/../lib/gcc/arm-none-eabi/5.4.1/../../../../arm-none-eabi/bin/]
  ignore line: [LIBRARY_PATH=/home/opt/gcc-arm-none-eabi-5_4-2016q3/bin/../lib/gcc/arm-none-eabi/5.4.1/:/home/opt/gcc-arm-none-eabi-5_4-2016q3/bin/../lib/gcc/:/home/opt/gcc-arm-none-eabi-5_4-2016q3/bin/../lib/gcc/arm-none-eabi/5.4.1/../../../../arm-none-eabi/lib/:/home/opt/gcc-arm-none-eabi-5_4-2016q3/bin/../arm-none-eabi/lib/]
  ignore line: [COLLECT_GCC_OPTIONS='-D' 'WIFI_BLE_COEXIST' '-D' 'CONFIG_CMAKE=1' '-D' 'BK_MAC=1' '-nostdlib' '-v' '-o' 'cmTC_f346c']
  link line: [ /home/opt/gcc-arm-none-eabi-5_4-2016q3/bin/../lib/gcc/arm-none-eabi/5.4.1/collect2 -plugin /home/opt/gcc-arm-none-eabi-5_4-2016q3/bin/../lib/gcc/arm-none-eabi/5.4.1/liblto_plugin.so -plugin-opt=/home/opt/gcc-arm-none-eabi-5_4-2016q3/bin/../lib/gcc/arm-none-eabi/5.4.1/lto-wrapper -plugin-opt=-fresolution=/tmp/ccau1esV.res --sysroot=/home/opt/gcc-arm-none-eabi-5_4-2016q3/bin/../arm-none-eabi -X -o cmTC_f346c -L/home/opt/gcc-arm-none-eabi-5_4-2016q3/bin/../lib/gcc/arm-none-eabi/5.4.1 -L/home/opt/gcc-arm-none-eabi-5_4-2016q3/bin/../lib/gcc -L/home/opt/gcc-arm-none-eabi-5_4-2016q3/bin/../lib/gcc/arm-none-eabi/5.4.1/../../../../arm-none-eabi/lib -L/home/opt/gcc-arm-none-eabi-5_4-2016q3/bin/../arm-none-eabi/lib --gc-sections -wrap malloc -wrap _malloc_r -wrap free -wrap _free_r -wrap zalloc -wrap calloc -wrap realloc -wrap _realloc_r -wrap printf -wrap vsnprintf -wrap snprintf -wrap sprintf -wrap puts CMakeFiles/cmTC_f346c.dir/CMakeCCompilerABI.c.obj]
    arg [/home/opt/gcc-arm-none-eabi-5_4-2016q3/bin/../lib/gcc/arm-none-eabi/5.4.1/collect2] ==> ignore
    arg [-plugin] ==> ignore
    arg [/home/opt/gcc-arm-none-eabi-5_4-2016q3/bin/../lib/gcc/arm-none-eabi/5.4.1/liblto_plugin.so] ==> ignore
    arg [-plugin-opt=/home/opt/gcc-arm-none-eabi-5_4-2016q3/bin/../lib/gcc/arm-none-eabi/5.4.1/lto-wrapper] ==> ignore
    arg [-plugin-opt=-fresolution=/tmp/ccau1esV.res] ==> ignore
    arg [--sysroot=/home/opt/gcc-arm-none-eabi-5_4-2016q3/bin/../arm-none-eabi] ==> ignore
    arg [-X] ==> ignore
    arg [-o] ==> ignore
    arg [cmTC_f346c] ==> ignore
    arg [-L/home/opt/gcc-arm-none-eabi-5_4-2016q3/bin/../lib/gcc/arm-none-eabi/5.4.1] ==> dir [/home/opt/gcc-arm-none-eabi-5_4-2016q3/bin/../lib/gcc/arm-none-eabi/5.4.1]
    arg [-L/home/opt/gcc-arm-none-eabi-5_4-2016q3/bin/../lib/gcc] ==> dir [/home/opt/gcc-arm-none-eabi-5_4-2016q3/bin/../lib/gcc]
    arg [-L/home/opt/gcc-arm-none-eabi-5_4-2016q3/bin/../lib/gcc/arm-none-eabi/5.4.1/../../../../arm-none-eabi/lib] ==> dir [/home/opt/gcc-arm-none-eabi-5_4-2016q3/bin/../lib/gcc/arm-none-eabi/5.4.1/../../../../arm-none-eabi/lib]
    arg [-L/home/opt/gcc-arm-none-eabi-5_4-2016q3/bin/../arm-none-eabi/lib] ==> dir [/home/opt/gcc-arm-none-eabi-5_4-2016q3/bin/../arm-none-eabi/lib]
    arg [--gc-sections] ==> ignore
    arg [-wrap] ==> ignore
    arg [malloc] ==> ignore
    arg [-wrap] ==> ignore
    arg [_malloc_r] ==> ignore
    arg [-wrap] ==> ignore
    arg [free] ==> ignore
    arg [-wrap] ==> ignore
    arg [_free_r] ==> ignore
    arg [-wrap] ==> ignore
    arg [zalloc] ==> ignore
    arg [-wrap] ==> ignore
    arg [calloc] ==> ignore
    arg [-wrap] ==> ignore
    arg [realloc] ==> ignore
    arg [-wrap] ==> ignore
    arg [_realloc_r] ==> ignore
    arg [-wrap] ==> ignore
    arg [printf] ==> ignore
    arg [-wrap] ==> ignore
    arg [vsnprintf] ==> ignore
    arg [-wrap] ==> ignore
    arg [snprintf] ==> ignore
    arg [-wrap] ==> ignore
    arg [sprintf] ==> ignore
    arg [-wrap] ==> ignore
    arg [puts] ==> ignore
    arg [CMakeFiles/cmTC_f346c.dir/CMakeCCompilerABI.c.obj] ==> ignore
  collapse library dir [/home/opt/gcc-arm-none-eabi-5_4-2016q3/bin/../lib/gcc/arm-none-eabi/5.4.1] ==> [/home/opt/gcc-arm-none-eabi-5_4-2016q3/lib/gcc/arm-none-eabi/5.4.1]
  collapse library dir [/home/opt/gcc-arm-none-eabi-5_4-2016q3/bin/../lib/gcc] ==> [/home/opt/gcc-arm-none-eabi-5_4-2016q3/lib/gcc]
  collapse library dir [/home/opt/gcc-arm-none-eabi-5_4-2016q3/bin/../lib/gcc/arm-none-eabi/5.4.1/../../../../arm-none-eabi/lib] ==> [/home/opt/gcc-arm-none-eabi-5_4-2016q3/arm-none-eabi/lib]
  collapse library dir [/home/opt/gcc-arm-none-eabi-5_4-2016q3/bin/../arm-none-eabi/lib] ==> [/home/opt/gcc-arm-none-eabi-5_4-2016q3/arm-none-eabi/lib]
  implicit libs: []
  implicit objs: []
  implicit dirs: [/home/opt/gcc-arm-none-eabi-5_4-2016q3/lib/gcc/arm-none-eabi/5.4.1;/home/opt/gcc-arm-none-eabi-5_4-2016q3/lib/gcc;/home/opt/gcc-arm-none-eabi-5_4-2016q3/arm-none-eabi/lib]
  implicit fwks: []


Detecting CXX compiler ABI info compiled with the following output:
Change Dir: /home/jenkins/workspace/Armino_SDK_Push/armino/build/bk7231n/CMakeFiles/CMakeTmp

Run Build Command(s):/usr/bin/ninja-build cmTC_3de52 && [1/2] Building CXX object CMakeFiles/cmTC_3de52.dir/CMakeCXXCompilerABI.cpp.obj
Using built-in specs.
COLLECT_GCC=/opt/gcc-arm-none-eabi-5_4-2016q3/bin/arm-none-eabi-g++
Target: arm-none-eabi
Configured with: /home/build/work/GCC-5-build/src/gcc/configure --target=arm-none-eabi --prefix=/home/build/work/GCC-5-build/install-native --libexecdir=/home/build/work/GCC-5-build/install-native/lib --infodir=/home/build/work/GCC-5-build/install-native/share/doc/gcc-arm-none-eabi/info --mandir=/home/build/work/GCC-5-build/install-native/share/doc/gcc-arm-none-eabi/man --htmldir=/home/build/work/GCC-5-build/install-native/share/doc/gcc-arm-none-eabi/html --pdfdir=/home/build/work/GCC-5-build/install-native/share/doc/gcc-arm-none-eabi/pdf --enable-languages=c,c++ --enable-plugins --disable-decimal-float --disable-libffi --disable-libgomp --disable-libmudflap --disable-libquadmath --disable-libssp --disable-libstdcxx-pch --disable-nls --disable-shared --disable-threads --disable-tls --with-gnu-as --with-gnu-ld --with-newlib --with-headers=yes --with-python-dir=share/gcc-arm-none-eabi --with-sysroot=/home/build/work/GCC-5-build/install-native/arm-none-eabi --build=i686-linux-gnu --host=i686-linux-gnu --with-gmp=/home/build/work/GCC-5-build/build-native/host-libs/usr --with-mpfr=/home/build/work/GCC-5-build/build-native/host-libs/usr --with-mpc=/home/build/work/GCC-5-build/build-native/host-libs/usr --with-isl=/home/build/work/GCC-5-build/build-native/host-libs/usr --with-cloog=/home/build/work/GCC-5-build/build-native/host-libs/usr --with-libelf=/home/build/work/GCC-5-build/build-native/host-libs/usr --with-host-libstdcxx='-static-libgcc -Wl,-Bstatic,-lstdc++,-Bdynamic -lm' --with-pkgversion='GNU Tools for ARM Embedded Processors' --with-multilib-list=armv6-m,armv7-m,armv7e-m,armv7-r,armv8-m.base,armv8-m.main
Thread model: single
gcc version 5.4.1 20160919 (release) [ARM/embedded-5-branch revision 240496] (GNU Tools for ARM Embedded Processors) 
COLLECT_GCC_OPTIONS='-nostdlib' '-v' '-o' 'CMakeFiles/cmTC_3de52.dir/CMakeCXXCompilerABI.cpp.obj' '-c'
 /home/opt/gcc-arm-none-eabi-5_4-2016q3/bin/../lib/gcc/arm-none-eabi/5.4.1/cc1plus -quiet -v -iprefix /home/opt/gcc-arm-none-eabi-5_4-2016q3/bin/../lib/gcc/arm-none-eabi/5.4.1/ -isysroot /home/opt/gcc-arm-none-eabi-5_4-2016q3/bin/../arm-none-eabi -D__USES_INITFINI__ /usr/local/share/cmake-3.22/Modules/CMakeCXXCompilerABI.cpp -quiet -dumpbase CMakeCXXCompilerABI.cpp -auxbase-strip CMakeFiles/cmTC_3de52.dir/CMakeCXXCompilerABI.cpp.obj -version -o /tmp/cc3Dyrl4.s
GNU C++ (GNU Tools for ARM Embedded Processors) version 5.4.1 20160919 (release) [ARM/embedded-5-branch revision 240496] (arm-none-eabi)
	compiled by GNU C version 4.7.4, GMP version 4.3.2, MPFR version 2.4.2, MPC version 0.8.1
GGC heuristics: --param ggc-min-expand=100 --param ggc-min-heapsize=131072
ignoring duplicate directory "/home/opt/gcc-arm-none-eabi-5_4-2016q3/bin/../lib/gcc/../../lib/gcc/arm-none-eabi/5.4.1/../../../../arm-none-eabi/include/c++/5.4.1"
ignoring duplicate directory "/home/opt/gcc-arm-none-eabi-5_4-2016q3/bin/../lib/gcc/../../lib/gcc/arm-none-eabi/5.4.1/../../../../arm-none-eabi/include/c++/5.4.1/arm-none-eabi"
ignoring duplicate directory "/home/opt/gcc-arm-none-eabi-5_4-2016q3/bin/../lib/gcc/../../lib/gcc/arm-none-eabi/5.4.1/../../../../arm-none-eabi/include/c++/5.4.1/backward"
ignoring duplicate directory "/home/opt/gcc-arm-none-eabi-5_4-2016q3/bin/../lib/gcc/../../lib/gcc/arm-none-eabi/5.4.1/include"
ignoring nonexistent directory "/home/opt/gcc-arm-none-eabi-5_4-2016q3/bin/../arm-none-eabi/usr/local/include"
ignoring duplicate directory "/home/opt/gcc-arm-none-eabi-5_4-2016q3/bin/../lib/gcc/../../lib/gcc/arm-none-eabi/5.4.1/include-fixed"
ignoring duplicate directory "/home/opt/gcc-arm-none-eabi-5_4-2016q3/bin/../lib/gcc/../../lib/gcc/arm-none-eabi/5.4.1/../../../../arm-none-eabi/include"
ignoring nonexistent directory "/home/opt/gcc-arm-none-eabi-5_4-2016q3/bin/../arm-none-eabi/usr/include"
#include "..." search starts here:
#include <...> search starts here:
 /home/opt/gcc-arm-none-eabi-5_4-2016q3/bin/../lib/gcc/arm-none-eabi/5.4.1/../../../../arm-none-eabi/include/c++/5.4.1
 /home/opt/gcc-arm-none-eabi-5_4-2016q3/bin/../lib/gcc/arm-none-eabi/5.4.1/../../../../arm-none-eabi/include/c++/5.4.1/arm-none-eabi
 /home/opt/gcc-arm-none-eabi-5_4-2016q3/bin/../lib/gcc/arm-none-eabi/5.4.1/../../../../arm-none-eabi/include/c++/5.4.1/backward
 /home/opt/gcc-arm-none-eabi-5_4-2016q3/bin/../lib/gcc/arm-none-eabi/5.4.1/include
 /home/opt/gcc-arm-none-eabi-5_4-2016q3/bin/../lib/gcc/arm-none-eabi/5.4.1/include-fixed
 /home/opt/gcc-arm-none-eabi-5_4-2016q3/bin/../lib/gcc/arm-none-eabi/5.4.1/../../../../arm-none-eabi/include
End of search list.
GNU C++ (GNU Tools for ARM Embedded Processors) version 5.4.1 20160919 (release) [ARM/embedded-5-branch revision 240496] (arm-none-eabi)
	compiled by GNU C version 4.7.4, GMP version 4.3.2, MPFR version 2.4.2, MPC version 0.8.1
GGC heuristics: --param ggc-min-expand=100 --param ggc-min-heapsize=131072
Compiler executable checksum: 239e9f4bd8bc3ff11d631487a5c1ac7c
COLLECT_GCC_OPTIONS='-nostdlib' '-v' '-o' 'CMakeFiles/cmTC_3de52.dir/CMakeCXXCompilerABI.cpp.obj' '-c'
 /home/opt/gcc-arm-none-eabi-5_4-2016q3/bin/../lib/gcc/arm-none-eabi/5.4.1/../../../../arm-none-eabi/bin/as -v -meabi=5 -o CMakeFiles/cmTC_3de52.dir/CMakeCXXCompilerABI.cpp.obj /tmp/cc3Dyrl4.s
GNU assembler version 2.26.2 (arm-none-eabi) using BFD version (GNU Tools for ARM Embedded Processors) 2.26.2.20160923
COMPILER_PATH=/home/opt/gcc-arm-none-eabi-5_4-2016q3/bin/../lib/gcc/arm-none-eabi/5.4.1/:/home/opt/gcc-arm-none-eabi-5_4-2016q3/bin/../lib/gcc/:/home/opt/gcc-arm-none-eabi-5_4-2016q3/bin/../lib/gcc/arm-none-eabi/5.4.1/../../../../arm-none-eabi/bin/
LIBRARY_PATH=/home/opt/gcc-arm-none-eabi-5_4-2016q3/bin/../lib/gcc/arm-none-eabi/5.4.1/:/home/opt/gcc-arm-none-eabi-5_4-2016q3/bin/../lib/gcc/:/home/opt/gcc-arm-none-eabi-5_4-2016q3/bin/../lib/gcc/arm-none-eabi/5.4.1/../../../../arm-none-eabi/lib/:/home/opt/gcc-arm-none-eabi-5_4-2016q3/bin/../arm-none-eabi/lib/
COLLECT_GCC_OPTIONS='-nostdlib' '-v' '-o' 'CMakeFiles/cmTC_3de52.dir/CMakeCXXCompilerABI.cpp.obj' '-c'
[2/2] Linking CXX executable cmTC_3de52
Using built-in specs.
COLLECT_GCC=/opt/gcc-arm-none-eabi-5_4-2016q3/bin/arm-none-eabi-g++
COLLECT_LTO_WRAPPER=/home/opt/gcc-arm-none-eabi-5_4-2016q3/bin/../lib/gcc/arm-none-eabi/5.4.1/lto-wrapper
Target: arm-none-eabi
Configured with: /home/build/work/GCC-5-build/src/gcc/configure --target=arm-none-eabi --prefix=/home/build/work/GCC-5-build/install-native --libexecdir=/home/build/work/GCC-5-build/install-native/lib --infodir=/home/build/work/GCC-5-build/install-native/share/doc/gcc-arm-none-eabi/info --mandir=/home/build/work/GCC-5-build/install-native/share/doc/gcc-arm-none-eabi/man --htmldir=/home/build/work/GCC-5-build/install-native/share/doc/gcc-arm-none-eabi/html --pdfdir=/home/build/work/GCC-5-build/install-native/share/doc/gcc-arm-none-eabi/pdf --enable-languages=c,c++ --enable-plugins --disable-decimal-float --disable-libffi --disable-libgomp --disable-libmudflap --disable-libquadmath --disable-libssp --disable-libstdcxx-pch --disable-nls --disable-shared --disable-threads --disable-tls --with-gnu-as --with-gnu-ld --with-newlib --with-headers=yes --with-python-dir=share/gcc-arm-none-eabi --with-sysroot=/home/build/work/GCC-5-build/install-native/arm-none-eabi --build=i686-linux-gnu --host=i686-linux-gnu --with-gmp=/home/build/work/GCC-5-build/build-native/host-libs/usr --with-mpfr=/home/build/work/GCC-5-build/build-native/host-libs/usr --with-mpc=/home/build/work/GCC-5-build/build-native/host-libs/usr --with-isl=/home/build/work/GCC-5-build/build-native/host-libs/usr --with-cloog=/home/build/work/GCC-5-build/build-native/host-libs/usr --with-libelf=/home/build/work/GCC-5-build/build-native/host-libs/usr --with-host-libstdcxx='-static-libgcc -Wl,-Bstatic,-lstdc++,-Bdynamic -lm' --with-pkgversion='GNU Tools for ARM Embedded Processors' --with-multilib-list=armv6-m,armv7-m,armv7e-m,armv7-r,armv8-m.base,armv8-m.main
Thread model: single
gcc version 5.4.1 20160919 (release) [ARM/embedded-5-branch revision 240496] (GNU Tools for ARM Embedded Processors) 
COMPILER_PATH=/home/opt/gcc-arm-none-eabi-5_4-2016q3/bin/../lib/gcc/arm-none-eabi/5.4.1/:/home/opt/gcc-arm-none-eabi-5_4-2016q3/bin/../lib/gcc/:/home/opt/gcc-arm-none-eabi-5_4-2016q3/bin/../lib/gcc/arm-none-eabi/5.4.1/../../../../arm-none-eabi/bin/
LIBRARY_PATH=/home/opt/gcc-arm-none-eabi-5_4-2016q3/bin/../lib/gcc/arm-none-eabi/5.4.1/:/home/opt/gcc-arm-none-eabi-5_4-2016q3/bin/../lib/gcc/:/home/opt/gcc-arm-none-eabi-5_4-2016q3/bin/../lib/gcc/arm-none-eabi/5.4.1/../../../../arm-none-eabi/lib/:/home/opt/gcc-arm-none-eabi-5_4-2016q3/bin/../arm-none-eabi/lib/
COLLECT_GCC_OPTIONS='-nostdlib' '-v' '-o' 'cmTC_3de52'
 /home/opt/gcc-arm-none-eabi-5_4-2016q3/bin/../lib/gcc/arm-none-eabi/5.4.1/collect2 -plugin /home/opt/gcc-arm-none-eabi-5_4-2016q3/bin/../lib/gcc/arm-none-eabi/5.4.1/liblto_plugin.so -plugin-opt=/home/opt/gcc-arm-none-eabi-5_4-2016q3/bin/../lib/gcc/arm-none-eabi/5.4.1/lto-wrapper -plugin-opt=-fresolution=/tmp/ccRVFqN5.res --sysroot=/home/opt/gcc-arm-none-eabi-5_4-2016q3/bin/../arm-none-eabi -X -o cmTC_3de52 -L/home/opt/gcc-arm-none-eabi-5_4-2016q3/bin/../lib/gcc/arm-none-eabi/5.4.1 -L/home/opt/gcc-arm-none-eabi-5_4-2016q3/bin/../lib/gcc -L/home/opt/gcc-arm-none-eabi-5_4-2016q3/bin/../lib/gcc/arm-none-eabi/5.4.1/../../../../arm-none-eabi/lib -L/home/opt/gcc-arm-none-eabi-5_4-2016q3/bin/../arm-none-eabi/lib CMakeFiles/cmTC_3de52.dir/CMakeCXXCompilerABI.cpp.obj
/home/opt/gcc-arm-none-eabi-5_4-2016q3/bin/../lib/gcc/arm-none-eabi/5.4.1/../../../../arm-none-eabi/bin/ld: warning: cannot find entry symbol _start; defaulting to 00008000



Parsed CXX implicit include dir info from above output: rv=done
  found start of include info
  found start of implicit include info
    add: [/home/opt/gcc-arm-none-eabi-5_4-2016q3/bin/../lib/gcc/arm-none-eabi/5.4.1/../../../../arm-none-eabi/include/c++/5.4.1]
    add: [/home/opt/gcc-arm-none-eabi-5_4-2016q3/bin/../lib/gcc/arm-none-eabi/5.4.1/../../../../arm-none-eabi/include/c++/5.4.1/arm-none-eabi]
    add: [/home/opt/gcc-arm-none-eabi-5_4-2016q3/bin/../lib/gcc/arm-none-eabi/5.4.1/../../../../arm-none-eabi/include/c++/5.4.1/backward]
    add: [/home/opt/gcc-arm-none-eabi-5_4-2016q3/bin/../lib/gcc/arm-none-eabi/5.4.1/include]
    add: [/home/opt/gcc-arm-none-eabi-5_4-2016q3/bin/../lib/gcc/arm-none-eabi/5.4.1/include-fixed]
    add: [/home/opt/gcc-arm-none-eabi-5_4-2016q3/bin/../lib/gcc/arm-none-eabi/5.4.1/../../../../arm-none-eabi/include]
  end of search list found
  collapse include dir [/home/opt/gcc-arm-none-eabi-5_4-2016q3/bin/../lib/gcc/arm-none-eabi/5.4.1/../../../../arm-none-eabi/include/c++/5.4.1] ==> [/home/opt/gcc-arm-none-eabi-5_4-2016q3/arm-none-eabi/include/c++/5.4.1]
  collapse include dir [/home/opt/gcc-arm-none-eabi-5_4-2016q3/bin/../lib/gcc/arm-none-eabi/5.4.1/../../../../arm-none-eabi/include/c++/5.4.1/arm-none-eabi] ==> [/home/opt/gcc-arm-none-eabi-5_4-2016q3/arm-none-eabi/include/c++/5.4.1/arm-none-eabi]
  collapse include dir [/home/opt/gcc-arm-none-eabi-5_4-2016q3/bin/../lib/gcc/arm-none-eabi/5.4.1/../../../../arm-none-eabi/include/c++/5.4.1/backward] ==> [/home/opt/gcc-arm-none-eabi-5_4-2016q3/arm-none-eabi/include/c++/5.4.1/backward]
  collapse include dir [/home/opt/gcc-arm-none-eabi-5_4-2016q3/bin/../lib/gcc/arm-none-eabi/5.4.1/include] ==> [/home/opt/gcc-arm-none-eabi-5_4-2016q3/lib/gcc/arm-none-eabi/5.4.1/include]
  collapse include dir [/home/opt/gcc-arm-none-eabi-5_4-2016q3/bin/../lib/gcc/arm-none-eabi/5.4.1/include-fixed] ==> [/home/opt/gcc-arm-none-eabi-5_4-2016q3/lib/gcc/arm-none-eabi/5.4.1/include-fixed]
  collapse include dir [/home/opt/gcc-arm-none-eabi-5_4-2016q3/bin/../lib/gcc/arm-none-eabi/5.4.1/../../../../arm-none-eabi/include] ==> [/home/opt/gcc-arm-none-eabi-5_4-2016q3/arm-none-eabi/include]
  implicit include dirs: [/home/opt/gcc-arm-none-eabi-5_4-2016q3/arm-none-eabi/include/c++/5.4.1;/home/opt/gcc-arm-none-eabi-5_4-2016q3/arm-none-eabi/include/c++/5.4.1/arm-none-eabi;/home/opt/gcc-arm-none-eabi-5_4-2016q3/arm-none-eabi/include/c++/5.4.1/backward;/home/opt/gcc-arm-none-eabi-5_4-2016q3/lib/gcc/arm-none-eabi/5.4.1/include;/home/opt/gcc-arm-none-eabi-5_4-2016q3/lib/gcc/arm-none-eabi/5.4.1/include-fixed;/home/opt/gcc-arm-none-eabi-5_4-2016q3/arm-none-eabi/include]


Parsed CXX implicit link information from above output:
  link line regex: [^( *|.*[/\])(arm-none-eabi-ld|CMAKE_LINK_STARTFILE-NOTFOUND|([^/\]+-)?ld|collect2)[^/\]*( |$)]
  ignore line: [Change Dir: /home/jenkins/workspace/Armino_SDK_Push/armino/build/bk7231n/CMakeFiles/CMakeTmp]
  ignore line: []
  ignore line: [Run Build Command(s):/usr/bin/ninja-build cmTC_3de52 && [1/2] Building CXX object CMakeFiles/cmTC_3de52.dir/CMakeCXXCompilerABI.cpp.obj]
  ignore line: [Using built-in specs.]
  ignore line: [COLLECT_GCC=/opt/gcc-arm-none-eabi-5_4-2016q3/bin/arm-none-eabi-g++]
  ignore line: [Target: arm-none-eabi]
  ignore line: [Configured with: /home/build/work/GCC-5-build/src/gcc/configure --target=arm-none-eabi --prefix=/home/build/work/GCC-5-build/install-native --libexecdir=/home/build/work/GCC-5-build/install-native/lib --infodir=/home/build/work/GCC-5-build/install-native/share/doc/gcc-arm-none-eabi/info --mandir=/home/build/work/GCC-5-build/install-native/share/doc/gcc-arm-none-eabi/man --htmldir=/home/build/work/GCC-5-build/install-native/share/doc/gcc-arm-none-eabi/html --pdfdir=/home/build/work/GCC-5-build/install-native/share/doc/gcc-arm-none-eabi/pdf --enable-languages=c,c++ --enable-plugins --disable-decimal-float --disable-libffi --disable-libgomp --disable-libmudflap --disable-libquadmath --disable-libssp --disable-libstdcxx-pch --disable-nls --disable-shared --disable-threads --disable-tls --with-gnu-as --with-gnu-ld --with-newlib --with-headers=yes --with-python-dir=share/gcc-arm-none-eabi --with-sysroot=/home/build/work/GCC-5-build/install-native/arm-none-eabi --build=i686-linux-gnu --host=i686-linux-gnu --with-gmp=/home/build/work/GCC-5-build/build-native/host-libs/usr --with-mpfr=/home/build/work/GCC-5-build/build-native/host-libs/usr --with-mpc=/home/build/work/GCC-5-build/build-native/host-libs/usr --with-isl=/home/build/work/GCC-5-build/build-native/host-libs/usr --with-cloog=/home/build/work/GCC-5-build/build-native/host-libs/usr --with-libelf=/home/build/work/GCC-5-build/build-native/host-libs/usr --with-host-libstdcxx='-static-libgcc -Wl,-Bstatic,-lstdc++,-Bdynamic -lm' --with-pkgversion='GNU Tools for ARM Embedded Processors' --with-multilib-list=armv6-m,armv7-m,armv7e-m,armv7-r,armv8-m.base,armv8-m.main]
  ignore line: [Thread model: single]
  ignore line: [gcc version 5.4.1 20160919 (release) [ARM/embedded-5-branch revision 240496] (GNU Tools for ARM Embedded Processors) ]
  ignore line: [COLLECT_GCC_OPTIONS='-nostdlib' '-v' '-o' 'CMakeFiles/cmTC_3de52.dir/CMakeCXXCompilerABI.cpp.obj' '-c']
  ignore line: [ /home/opt/gcc-arm-none-eabi-5_4-2016q3/bin/../lib/gcc/arm-none-eabi/5.4.1/cc1plus -quiet -v -iprefix /home/opt/gcc-arm-none-eabi-5_4-2016q3/bin/../lib/gcc/arm-none-eabi/5.4.1/ -isysroot /home/opt/gcc-arm-none-eabi-5_4-2016q3/bin/../arm-none-eabi -D__USES_INITFINI__ /usr/local/share/cmake-3.22/Modules/CMakeCXXCompilerABI.cpp -quiet -dumpbase CMakeCXXCompilerABI.cpp -auxbase-strip CMakeFiles/cmTC_3de52.dir/CMakeCXXCompilerABI.cpp.obj -version -o /tmp/cc3Dyrl4.s]
  ignore line: [GNU C++ (GNU Tools for ARM Embedded Processors) version 5.4.1 20160919 (release) [ARM/embedded-5-branch revision 240496] (arm-none-eabi)]
  ignore line: [	compiled by GNU C version 4.7.4  GMP version 4.3.2  MPFR version 2.4.2  MPC version 0.8.1]
  ignore line: [GGC heuristics: --param ggc-min-expand=100 --param ggc-min-heapsize=131072]
  ignore line: [ignoring duplicate directory "/home/opt/gcc-arm-none-eabi-5_4-2016q3/bin/../lib/gcc/../../lib/gcc/arm-none-eabi/5.4.1/../../../../arm-none-eabi/include/c++/5.4.1"]
  ignore line: [ignoring duplicate directory "/home/opt/gcc-arm-none-eabi-5_4-2016q3/bin/../lib/gcc/../../lib/gcc/arm-none-eabi/5.4.1/../../../../arm-none-eabi/include/c++/5.4.1/arm-none-eabi"]
  ignore line: [ignoring duplicate directory "/home/opt/gcc-arm-none-eabi-5_4-2016q3/bin/../lib/gcc/../../lib/gcc/arm-none-eabi/5.4.1/../../../../arm-none-eabi/include/c++/5.4.1/backward"]
  ignore line: [ignoring duplicate directory "/home/opt/gcc-arm-none-eabi-5_4-2016q3/bin/../lib/gcc/../../lib/gcc/arm-none-eabi/5.4.1/include"]
  ignore line: [ignoring nonexistent directory "/home/opt/gcc-arm-none-eabi-5_4-2016q3/bin/../arm-none-eabi/usr/local/include"]
  ignore line: [ignoring duplicate directory "/home/opt/gcc-arm-none-eabi-5_4-2016q3/bin/../lib/gcc/../../lib/gcc/arm-none-eabi/5.4.1/include-fixed"]
  ignore line: [ignoring duplicate directory "/home/opt/gcc-arm-none-eabi-5_4-2016q3/bin/../lib/gcc/../../lib/gcc/arm-none-eabi/5.4.1/../../../../arm-none-eabi/include"]
  ignore line: [ignoring nonexistent directory "/home/opt/gcc-arm-none-eabi-5_4-2016q3/bin/../arm-none-eabi/usr/include"]
  ignore line: [#include "..." search starts here:]
  ignore line: [#include <...> search starts here:]
  ignore line: [ /home/opt/gcc-arm-none-eabi-5_4-2016q3/bin/../lib/gcc/arm-none-eabi/5.4.1/../../../../arm-none-eabi/include/c++/5.4.1]
  ignore line: [ /home/opt/gcc-arm-none-eabi-5_4-2016q3/bin/../lib/gcc/arm-none-eabi/5.4.1/../../../../arm-none-eabi/include/c++/5.4.1/arm-none-eabi]
  ignore line: [ /home/opt/gcc-arm-none-eabi-5_4-2016q3/bin/../lib/gcc/arm-none-eabi/5.4.1/../../../../arm-none-eabi/include/c++/5.4.1/backward]
  ignore line: [ /home/opt/gcc-arm-none-eabi-5_4-2016q3/bin/../lib/gcc/arm-none-eabi/5.4.1/include]
  ignore line: [ /home/opt/gcc-arm-none-eabi-5_4-2016q3/bin/../lib/gcc/arm-none-eabi/5.4.1/include-fixed]
  ignore line: [ /home/opt/gcc-arm-none-eabi-5_4-2016q3/bin/../lib/gcc/arm-none-eabi/5.4.1/../../../../arm-none-eabi/include]
  ignore line: [End of search list.]
  ignore line: [GNU C++ (GNU Tools for ARM Embedded Processors) version 5.4.1 20160919 (release) [ARM/embedded-5-branch revision 240496] (arm-none-eabi)]
  ignore line: [	compiled by GNU C version 4.7.4  GMP version 4.3.2  MPFR version 2.4.2  MPC version 0.8.1]
  ignore line: [GGC heuristics: --param ggc-min-expand=100 --param ggc-min-heapsize=131072]
  ignore line: [Compiler executable checksum: 239e9f4bd8bc3ff11d631487a5c1ac7c]
  ignore line: [COLLECT_GCC_OPTIONS='-nostdlib' '-v' '-o' 'CMakeFiles/cmTC_3de52.dir/CMakeCXXCompilerABI.cpp.obj' '-c']
  ignore line: [ /home/opt/gcc-arm-none-eabi-5_4-2016q3/bin/../lib/gcc/arm-none-eabi/5.4.1/../../../../arm-none-eabi/bin/as -v -meabi=5 -o CMakeFiles/cmTC_3de52.dir/CMakeCXXCompilerABI.cpp.obj /tmp/cc3Dyrl4.s]
  ignore line: [GNU assembler version 2.26.2 (arm-none-eabi) using BFD version (GNU Tools for ARM Embedded Processors) 2.26.2.20160923]
  ignore line: [COMPILER_PATH=/home/opt/gcc-arm-none-eabi-5_4-2016q3/bin/../lib/gcc/arm-none-eabi/5.4.1/:/home/opt/gcc-arm-none-eabi-5_4-2016q3/bin/../lib/gcc/:/home/opt/gcc-arm-none-eabi-5_4-2016q3/bin/../lib/gcc/arm-none-eabi/5.4.1/../../../../arm-none-eabi/bin/]
  ignore line: [LIBRARY_PATH=/home/opt/gcc-arm-none-eabi-5_4-2016q3/bin/../lib/gcc/arm-none-eabi/5.4.1/:/home/opt/gcc-arm-none-eabi-5_4-2016q3/bin/../lib/gcc/:/home/opt/gcc-arm-none-eabi-5_4-2016q3/bin/../lib/gcc/arm-none-eabi/5.4.1/../../../../arm-none-eabi/lib/:/home/opt/gcc-arm-none-eabi-5_4-2016q3/bin/../arm-none-eabi/lib/]
  ignore line: [COLLECT_GCC_OPTIONS='-nostdlib' '-v' '-o' 'CMakeFiles/cmTC_3de52.dir/CMakeCXXCompilerABI.cpp.obj' '-c']
  ignore line: [[2/2] Linking CXX executable cmTC_3de52]
  ignore line: [Using built-in specs.]
  ignore line: [COLLECT_GCC=/opt/gcc-arm-none-eabi-5_4-2016q3/bin/arm-none-eabi-g++]
  ignore line: [COLLECT_LTO_WRAPPER=/home/opt/gcc-arm-none-eabi-5_4-2016q3/bin/../lib/gcc/arm-none-eabi/5.4.1/lto-wrapper]
  ignore line: [Target: arm-none-eabi]
  ignore line: [Configured with: /home/build/work/GCC-5-build/src/gcc/configure --target=arm-none-eabi --prefix=/home/build/work/GCC-5-build/install-native --libexecdir=/home/build/work/GCC-5-build/install-native/lib --infodir=/home/build/work/GCC-5-build/install-native/share/doc/gcc-arm-none-eabi/info --mandir=/home/build/work/GCC-5-build/install-native/share/doc/gcc-arm-none-eabi/man --htmldir=/home/build/work/GCC-5-build/install-native/share/doc/gcc-arm-none-eabi/html --pdfdir=/home/build/work/GCC-5-build/install-native/share/doc/gcc-arm-none-eabi/pdf --enable-languages=c,c++ --enable-plugins --disable-decimal-float --disable-libffi --disable-libgomp --disable-libmudflap --disable-libquadmath --disable-libssp --disable-libstdcxx-pch --disable-nls --disable-shared --disable-threads --disable-tls --with-gnu-as --with-gnu-ld --with-newlib --with-headers=yes --with-python-dir=share/gcc-arm-none-eabi --with-sysroot=/home/build/work/GCC-5-build/install-native/arm-none-eabi --build=i686-linux-gnu --host=i686-linux-gnu --with-gmp=/home/build/work/GCC-5-build/build-native/host-libs/usr --with-mpfr=/home/build/work/GCC-5-build/build-native/host-libs/usr --with-mpc=/home/build/work/GCC-5-build/build-native/host-libs/usr --with-isl=/home/build/work/GCC-5-build/build-native/host-libs/usr --with-cloog=/home/build/work/GCC-5-build/build-native/host-libs/usr --with-libelf=/home/build/work/GCC-5-build/build-native/host-libs/usr --with-host-libstdcxx='-static-libgcc -Wl,-Bstatic,-lstdc++,-Bdynamic -lm' --with-pkgversion='GNU Tools for ARM Embedded Processors' --with-multilib-list=armv6-m,armv7-m,armv7e-m,armv7-r,armv8-m.base,armv8-m.main]
  ignore line: [Thread model: single]
  ignore line: [gcc version 5.4.1 20160919 (release) [ARM/embedded-5-branch revision 240496] (GNU Tools for ARM Embedded Processors) ]
  ignore line: [COMPILER_PATH=/home/opt/gcc-arm-none-eabi-5_4-2016q3/bin/../lib/gcc/arm-none-eabi/5.4.1/:/home/opt/gcc-arm-none-eabi-5_4-2016q3/bin/../lib/gcc/:/home/opt/gcc-arm-none-eabi-5_4-2016q3/bin/../lib/gcc/arm-none-eabi/5.4.1/../../../../arm-none-eabi/bin/]
  ignore line: [LIBRARY_PATH=/home/opt/gcc-arm-none-eabi-5_4-2016q3/bin/../lib/gcc/arm-none-eabi/5.4.1/:/home/opt/gcc-arm-none-eabi-5_4-2016q3/bin/../lib/gcc/:/home/opt/gcc-arm-none-eabi-5_4-2016q3/bin/../lib/gcc/arm-none-eabi/5.4.1/../../../../arm-none-eabi/lib/:/home/opt/gcc-arm-none-eabi-5_4-2016q3/bin/../arm-none-eabi/lib/]
  ignore line: [COLLECT_GCC_OPTIONS='-nostdlib' '-v' '-o' 'cmTC_3de52']
  link line: [ /home/opt/gcc-arm-none-eabi-5_4-2016q3/bin/../lib/gcc/arm-none-eabi/5.4.1/collect2 -plugin /home/opt/gcc-arm-none-eabi-5_4-2016q3/bin/../lib/gcc/arm-none-eabi/5.4.1/liblto_plugin.so -plugin-opt=/home/opt/gcc-arm-none-eabi-5_4-2016q3/bin/../lib/gcc/arm-none-eabi/5.4.1/lto-wrapper -plugin-opt=-fresolution=/tmp/ccRVFqN5.res --sysroot=/home/opt/gcc-arm-none-eabi-5_4-2016q3/bin/../arm-none-eabi -X -o cmTC_3de52 -L/home/opt/gcc-arm-none-eabi-5_4-2016q3/bin/../lib/gcc/arm-none-eabi/5.4.1 -L/home/opt/gcc-arm-none-eabi-5_4-2016q3/bin/../lib/gcc -L/home/opt/gcc-arm-none-eabi-5_4-2016q3/bin/../lib/gcc/arm-none-eabi/5.4.1/../../../../arm-none-eabi/lib -L/home/opt/gcc-arm-none-eabi-5_4-2016q3/bin/../arm-none-eabi/lib CMakeFiles/cmTC_3de52.dir/CMakeCXXCompilerABI.cpp.obj]
    arg [/home/opt/gcc-arm-none-eabi-5_4-2016q3/bin/../lib/gcc/arm-none-eabi/5.4.1/collect2] ==> ignore
    arg [-plugin] ==> ignore
    arg [/home/opt/gcc-arm-none-eabi-5_4-2016q3/bin/../lib/gcc/arm-none-eabi/5.4.1/liblto_plugin.so] ==> ignore
    arg [-plugin-opt=/home/opt/gcc-arm-none-eabi-5_4-2016q3/bin/../lib/gcc/arm-none-eabi/5.4.1/lto-wrapper] ==> ignore
    arg [-plugin-opt=-fresolution=/tmp/ccRVFqN5.res] ==> ignore
    arg [--sysroot=/home/opt/gcc-arm-none-eabi-5_4-2016q3/bin/../arm-none-eabi] ==> ignore
    arg [-X] ==> ignore
    arg [-o] ==> ignore
    arg [cmTC_3de52] ==> ignore
    arg [-L/home/opt/gcc-arm-none-eabi-5_4-2016q3/bin/../lib/gcc/arm-none-eabi/5.4.1] ==> dir [/home/opt/gcc-arm-none-eabi-5_4-2016q3/bin/../lib/gcc/arm-none-eabi/5.4.1]
    arg [-L/home/opt/gcc-arm-none-eabi-5_4-2016q3/bin/../lib/gcc] ==> dir [/home/opt/gcc-arm-none-eabi-5_4-2016q3/bin/../lib/gcc]
    arg [-L/home/opt/gcc-arm-none-eabi-5_4-2016q3/bin/../lib/gcc/arm-none-eabi/5.4.1/../../../../arm-none-eabi/lib] ==> dir [/home/opt/gcc-arm-none-eabi-5_4-2016q3/bin/../lib/gcc/arm-none-eabi/5.4.1/../../../../arm-none-eabi/lib]
    arg [-L/home/opt/gcc-arm-none-eabi-5_4-2016q3/bin/../arm-none-eabi/lib] ==> dir [/home/opt/gcc-arm-none-eabi-5_4-2016q3/bin/../arm-none-eabi/lib]
    arg [CMakeFiles/cmTC_3de52.dir/CMakeCXXCompilerABI.cpp.obj] ==> ignore
  collapse library dir [/home/opt/gcc-arm-none-eabi-5_4-2016q3/bin/../lib/gcc/arm-none-eabi/5.4.1] ==> [/home/opt/gcc-arm-none-eabi-5_4-2016q3/lib/gcc/arm-none-eabi/5.4.1]
  collapse library dir [/home/opt/gcc-arm-none-eabi-5_4-2016q3/bin/../lib/gcc] ==> [/home/opt/gcc-arm-none-eabi-5_4-2016q3/lib/gcc]
  collapse library dir [/home/opt/gcc-arm-none-eabi-5_4-2016q3/bin/../lib/gcc/arm-none-eabi/5.4.1/../../../../arm-none-eabi/lib] ==> [/home/opt/gcc-arm-none-eabi-5_4-2016q3/arm-none-eabi/lib]
  collapse library dir [/home/opt/gcc-arm-none-eabi-5_4-2016q3/bin/../arm-none-eabi/lib] ==> [/home/opt/gcc-arm-none-eabi-5_4-2016q3/arm-none-eabi/lib]
  implicit libs: []
  implicit objs: []
  implicit dirs: [/home/opt/gcc-arm-none-eabi-5_4-2016q3/lib/gcc/arm-none-eabi/5.4.1;/home/opt/gcc-arm-none-eabi-5_4-2016q3/lib/gcc;/home/opt/gcc-arm-none-eabi-5_4-2016q3/arm-none-eabi/lib]
  implicit fwks: []


