The target system is: Generic -  - riscv
The host system is: Linux - 3.10.0-1160.59.1.el7.x86_64 - x86_64
Compiling the C compiler identification source file "CMakeCCompilerId.c" succeeded.
Compiler: /opt/risc-v/nds32le-elf-mculib-v5f/bin/riscv32-elf-gcc 
Build flags: -D__freertos_irq_stack_top=_stack;-DWIFI_BLE_COEXIST;-DCONFIG_CMAKE=1;-DBK_MAC=1;-Wl,--gc-sections;-nostdlib;-Wl,-wrap,strlen;-Wl,-wrap,malloc;-Wl,-wrap,_malloc_r;-Wl,-wrap,free;-Wl,-wrap,_free_r;-Wl,-wrap,zalloc;-Wl,-wrap,calloc;-Wl,-wrap,realloc;;-Wl,-wrap,_realloc_r;-Wl,-wrap,printf;-Wl,-wrap,vsnprintf;-Wl,-wrap,snprintf;-Wl,-wrap,sprintf;-Wl,-wrap,puts
Id flags:  

The output was:
0
/home/opt/risc-v/nds32le-elf-mculib-v5f/bin/../lib/gcc/riscv32-elf/10.2.1/../../../../riscv32-elf/bin/ld: warning: cannot find entry symbol _start; not setting start address


Compilation of the C compiler identification source "CMakeCCompilerId.c" produced "a.out"

Compiling the C compiler identification source file "CMakeCCompilerId.c" succeeded.
Compiler: /opt/risc-v/nds32le-elf-mculib-v5f/bin/riscv32-elf-gcc 
Build flags: -D__freertos_irq_stack_top=_stack;-DWIFI_BLE_COEXIST;-DCONFIG_CMAKE=1;-DBK_MAC=1;-Wl,--gc-sections;-nostdlib;-Wl,-wrap,strlen;-Wl,-wrap,malloc;-Wl,-wrap,_malloc_r;-Wl,-wrap,free;-Wl,-wrap,_free_r;-Wl,-wrap,zalloc;-Wl,-wrap,calloc;-Wl,-wrap,realloc;;-Wl,-wrap,_realloc_r;-Wl,-wrap,printf;-Wl,-wrap,vsnprintf;-Wl,-wrap,snprintf;-Wl,-wrap,sprintf;-Wl,-wrap,puts
Id flags: -c 

The output was:
0


Compilation of the C compiler identification source "CMakeCCompilerId.c" produced "CMakeCCompilerId.o"

The C compiler identification is GNU, found in "/home/jenkins/workspace/Armino_SDK_Push/armino/build/bk7256_cp1/CMakeFiles/3.22.3/CompilerIdC/CMakeCCompilerId.o"

Compiling the CXX compiler identification source file "CMakeCXXCompilerId.cpp" succeeded.
Compiler: /opt/risc-v/nds32le-elf-mculib-v5f/bin/riscv32-elf-g++ 
Build flags: -nostdlib
Id flags:  

The output was:
0
/home/opt/risc-v/nds32le-elf-mculib-v5f/bin/../lib/gcc/riscv32-elf/10.2.1/../../../../riscv32-elf/bin/ld: warning: cannot find entry symbol _start; defaulting to 0000000000010094


Compilation of the CXX compiler identification source "CMakeCXXCompilerId.cpp" produced "a.out"

The CXX compiler identification is GNU, found in "/home/jenkins/workspace/Armino_SDK_Push/armino/build/bk7256_cp1/CMakeFiles/3.22.3/CompilerIdCXX/a.out"

Checking whether the ASM compiler is GNU using "--version" matched "(GNU assembler)|(GCC)|(Free Software Foundation)":
riscv32-elf-gcc.gnu (2021-07-01_nds32le-elf-mculib-v5f-6374e1e0bda) 10.2.1 20200726
Copyright (C) 2020 Free Software Foundation, Inc.
This is free software; see the source for copying conditions.  There is NO
warranty; not even for MERCHANTABILITY or FITNESS FOR A PARTICULAR PURPOSE.

Detecting C compiler ABI info compiled with the following output:
Change Dir: /home/jenkins/workspace/Armino_SDK_Push/armino/build/bk7256_cp1/CMakeFiles/CMakeTmp

Run Build Command(s):/usr/bin/ninja-build cmTC_f5ab6 && [1/2] Building C object CMakeFiles/cmTC_f5ab6.dir/CMakeCCompilerABI.c.obj
"/home/opt/risc-v/nds32le-elf-mculib-v5f/bin/riscv32-elf-gcc.gnu" "-D__freertos_irq_stack_top=_stack" "-DWIFI_BLE_COEXIST" "-DCONFIG_CMAKE=1" "-DBK_MAC=1" "-Wl,--gc-sections" "-nostdlib" "-Wl,-wrap,strlen" "-Wl,-wrap,malloc" "-Wl,-wrap,_malloc_r" "-Wl,-wrap,free" "-Wl,-wrap,_free_r" "-Wl,-wrap,zalloc" "-Wl,-wrap,calloc" "-Wl,-wrap,realloc" "-Wl,-wrap,_realloc_r" "-Wl,-wrap,printf" "-Wl,-wrap,vsnprintf" "-Wl,-wrap,snprintf" "-Wl,-wrap,sprintf" "-Wl,-wrap,puts" "-v" "-o" "CMakeFiles/cmTC_f5ab6.dir/CMakeCCompilerABI.c.obj" "-c" "/usr/local/share/cmake-3.22/Modules/CMakeCCompilerABI.c" 
Using built-in specs.
COLLECT_GCC=/home/opt/risc-v/nds32le-elf-mculib-v5f/bin/riscv32-elf-gcc.gnu
Target: riscv32-elf
Configured with: /local/sqa/Jenkins/workspace/build-system-3/source-packages/gcc-10.2.0-riscv-ast-v5_0_0-branch/configure --target=riscv32-elf --prefix=/local/sqa/Jenkins/workspace/build-system-3/toolchain/nds32le-elf-mculib-v5f --with-pkgversion=2021-07-01_nds32le-elf-mculib-v5f-6374e1e0bda --disable-nls --enable-languages=c,c++ --enable-lto --with-gmp=/local/sqa/Jenkins/workspace/build-system-3/host-tools --with-mpfr=/local/sqa/Jenkins/workspace/build-system-3/host-tools --with-mpc=/local/sqa/Jenkins/workspace/build-system-3/host-tools --with-isl=/local/sqa/Jenkins/workspace/build-system-3/host-tools --with-cloog=/local/sqa/Jenkins/workspace/build-system-3/host-tools --without-zstd --with-arch=rv32imfcxandes --with-tune=n25f --enable-Os-default-ex9=yes --enable-gp-insn-relax-default=yes --disable-tls --with-libc=mculib --with-abi=ilp32f --disable-libsanitizer --disable-werror --enable-multilib=yes --with-multilib-list=dsp,no-fma --with-newlib --disable-shared --enable-threads=single --with-headers=/local/sqa/Jenkins/workspace/build-system-3/toolchain/nds32le-elf-mculib-v5f/riscv32-elf/include CFLAGS='-O2 -g -Wno-implicit-fallthrough -Wno-int-in-bool-context -Wno-cast-function-type' CXXFLAGS='-O2 -g -Wno-implicit-fallthrough -Wno-int-in-bool-context -Wno-cast-function-type' CC=/local/sqa/Jenkins/workspace/build-system-3/host-tools/bin/gcc CXX=/local/sqa/Jenkins/workspace/build-system-3/host-tools/bin/g++ LD=/local/sqa/Jenkins/workspace/build-system-3/host-tools/bin/ld AR=/local/sqa/Jenkins/workspace/build-system-3/host-tools/bin/gcc-ar RANLIB=/local/sqa/Jenkins/workspace/build-system-3/host-tools/bin/gcc-ranlib NM=/local/sqa/Jenkins/workspace/build-system-3/host-tools/bin/nm --enable-checking=release LDFLAGS=--static 'CFLAGS_FOR_TARGET=-O2 -g  -mstrict-align' 'CXXFLAGS_FOR_TARGET=-O2 -g  -mstrict-align' LDFLAGS_FOR_TARGET=
Thread model: single
Supported LTO compression algorithms: zlib
gcc version 10.2.1 20200726 (2021-07-01_nds32le-elf-mculib-v5f-6374e1e0bda) 
COLLECT_GCC_OPTIONS='-D' '__freertos_irq_stack_top=_stack' '-D' 'WIFI_BLE_COEXIST' '-D' 'CONFIG_CMAKE=1' '-D' 'BK_MAC=1' '-nostdlib' '-v' '-o' 'CMakeFiles/cmTC_f5ab6.dir/CMakeCCompilerABI.c.obj' '-c' '-mtune=n25f' '-march=rv32imfcxandes' '-mabi=ilp32f' '-march=rv32i2p0_m2p0_f2p0_c2p0_xandes5p0'
 /home/opt/risc-v/nds32le-elf-mculib-v5f/bin/../libexec/gcc/riscv32-elf/10.2.1/cc1 -quiet -v -iprefix /home/opt/risc-v/nds32le-elf-mculib-v5f/bin/../lib/gcc/riscv32-elf/10.2.1/ -D __freertos_irq_stack_top=_stack -D WIFI_BLE_COEXIST -D CONFIG_CMAKE=1 -D BK_MAC=1 /usr/local/share/cmake-3.22/Modules/CMakeCCompilerABI.c -quiet -dumpbase CMakeCCompilerABI.c -mtune=n25f -march=rv32imfcxandes -mabi=ilp32f -march=rv32i2p0_m2p0_f2p0_c2p0_xandes5p0 -auxbase-strip CMakeFiles/cmTC_f5ab6.dir/CMakeCCompilerABI.c.obj -version -o /tmp/ccp4ZoJt.s
GNU C17 (2021-07-01_nds32le-elf-mculib-v5f-6374e1e0bda) version 10.2.1 20200726 (riscv32-elf)
	compiled by GNU C version 7.3.0, GMP version 6.0.0, MPFR version 3.1.3, MPC version 1.0.2, isl version isl-0.15-GMP

GGC heuristics: --param ggc-min-expand=100 --param ggc-min-heapsize=131072
ignoring duplicate directory "/home/opt/risc-v/nds32le-elf-mculib-v5f/bin/../lib/gcc/../../lib/gcc/riscv32-elf/10.2.1/include"
ignoring duplicate directory "/home/opt/risc-v/nds32le-elf-mculib-v5f/bin/../lib/gcc/../../lib/gcc/riscv32-elf/10.2.1/include-fixed"
ignoring duplicate directory "/home/opt/risc-v/nds32le-elf-mculib-v5f/bin/../lib/gcc/../../lib/gcc/riscv32-elf/10.2.1/../../../../riscv32-elf/sys-include"
ignoring duplicate directory "/home/opt/risc-v/nds32le-elf-mculib-v5f/bin/../lib/gcc/../../lib/gcc/riscv32-elf/10.2.1/../../../../riscv32-elf/include"
#include "..." search starts here:
#include <...> search starts here:
 /home/opt/risc-v/nds32le-elf-mculib-v5f/bin/../lib/gcc/riscv32-elf/10.2.1/include
 /home/opt/risc-v/nds32le-elf-mculib-v5f/bin/../lib/gcc/riscv32-elf/10.2.1/include-fixed
 /home/opt/risc-v/nds32le-elf-mculib-v5f/bin/../lib/gcc/riscv32-elf/10.2.1/../../../../riscv32-elf/sys-include
 /home/opt/risc-v/nds32le-elf-mculib-v5f/bin/../lib/gcc/riscv32-elf/10.2.1/../../../../riscv32-elf/include
End of search list.
GNU C17 (2021-07-01_nds32le-elf-mculib-v5f-6374e1e0bda) version 10.2.1 20200726 (riscv32-elf)
	compiled by GNU C version 7.3.0, GMP version 6.0.0, MPFR version 3.1.3, MPC version 1.0.2, isl version isl-0.15-GMP

GGC heuristics: --param ggc-min-expand=100 --param ggc-min-heapsize=131072
Compiler executable checksum: 05f6c6cf50ef138d5bffa609f8026805
COLLECT_GCC_OPTIONS='-D' '__freertos_irq_stack_top=_stack' '-D' 'WIFI_BLE_COEXIST' '-D' 'CONFIG_CMAKE=1' '-D' 'BK_MAC=1' '-nostdlib' '-v' '-o' 'CMakeFiles/cmTC_f5ab6.dir/CMakeCCompilerABI.c.obj' '-c' '-mtune=n25f' '-march=rv32imfcxandes' '-mabi=ilp32f' '-march=rv32i2p0_m2p0_f2p0_c2p0_xandes5p0'
 /home/opt/risc-v/nds32le-elf-mculib-v5f/bin/../lib/gcc/riscv32-elf/10.2.1/../../../../riscv32-elf/bin/as -v --traditional-format -march=rv32i2p0_m2p0_f2p0_c2p0_xandes5p0 -mabi=ilp32f -Os -o CMakeFiles/cmTC_f5ab6.dir/CMakeCCompilerABI.c.obj /tmp/ccp4ZoJt.s
GNU assembler version 2.32.0 (riscv32-elf) using BFD version (2021-07-01_nds32le-elf-mculib-v5f-7365ea67fa) 2.32.0.20190522
COMPILER_PATH=/home/opt/risc-v/nds32le-elf-mculib-v5f/bin/../libexec/gcc/riscv32-elf/10.2.1/:/home/opt/risc-v/nds32le-elf-mculib-v5f/bin/../libexec/gcc/:/home/opt/risc-v/nds32le-elf-mculib-v5f/bin/../lib/gcc/riscv32-elf/10.2.1/../../../../riscv32-elf/bin/
LIBRARY_PATH=/home/opt/risc-v/nds32le-elf-mculib-v5f/bin/../lib/gcc/riscv32-elf/10.2.1/:/home/opt/risc-v/nds32le-elf-mculib-v5f/bin/../lib/gcc/:/home/opt/risc-v/nds32le-elf-mculib-v5f/bin/../lib/gcc/riscv32-elf/10.2.1/../../../../riscv32-elf/lib/
COLLECT_GCC_OPTIONS='-D' '__freertos_irq_stack_top=_stack' '-D' 'WIFI_BLE_COEXIST' '-D' 'CONFIG_CMAKE=1' '-D' 'BK_MAC=1' '-nostdlib' '-v' '-o' 'CMakeFiles/cmTC_f5ab6.dir/CMakeCCompilerABI.c.obj' '-c' '-mtune=n25f' '-march=rv32imfcxandes' '-mabi=ilp32f' '-march=rv32i2p0_m2p0_f2p0_c2p0_xandes5p0'
[2/2] Linking C executable cmTC_f5ab6
"/home/opt/risc-v/nds32le-elf-mculib-v5f/bin/riscv32-elf-gcc.gnu" "-D__freertos_irq_stack_top=_stack" "-DWIFI_BLE_COEXIST" "-DCONFIG_CMAKE=1" "-DBK_MAC=1" "-Wl,--gc-sections" "-nostdlib" "-Wl,-wrap,strlen" "-Wl,-wrap,malloc" "-Wl,-wrap,_malloc_r" "-Wl,-wrap,free" "-Wl,-wrap,_free_r" "-Wl,-wrap,zalloc" "-Wl,-wrap,calloc" "-Wl,-wrap,realloc" "-Wl,-wrap,_realloc_r" "-Wl,-wrap,printf" "-Wl,-wrap,vsnprintf" "-Wl,-wrap,snprintf" "-Wl,-wrap,sprintf" "-Wl,-wrap,puts" "-v" "CMakeFiles/cmTC_f5ab6.dir/CMakeCCompilerABI.c.obj" "-o" "cmTC_f5ab6" "-lm" "-lgcc" "-lc" "-lgloss" 
Using built-in specs.
COLLECT_GCC=/home/opt/risc-v/nds32le-elf-mculib-v5f/bin/riscv32-elf-gcc.gnu
COLLECT_LTO_WRAPPER=/home/opt/risc-v/nds32le-elf-mculib-v5f/bin/../libexec/gcc/riscv32-elf/10.2.1/lto-wrapper
Target: riscv32-elf
Configured with: /local/sqa/Jenkins/workspace/build-system-3/source-packages/gcc-10.2.0-riscv-ast-v5_0_0-branch/configure --target=riscv32-elf --prefix=/local/sqa/Jenkins/workspace/build-system-3/toolchain/nds32le-elf-mculib-v5f --with-pkgversion=2021-07-01_nds32le-elf-mculib-v5f-6374e1e0bda --disable-nls --enable-languages=c,c++ --enable-lto --with-gmp=/local/sqa/Jenkins/workspace/build-system-3/host-tools --with-mpfr=/local/sqa/Jenkins/workspace/build-system-3/host-tools --with-mpc=/local/sqa/Jenkins/workspace/build-system-3/host-tools --with-isl=/local/sqa/Jenkins/workspace/build-system-3/host-tools --with-cloog=/local/sqa/Jenkins/workspace/build-system-3/host-tools --without-zstd --with-arch=rv32imfcxandes --with-tune=n25f --enable-Os-default-ex9=yes --enable-gp-insn-relax-default=yes --disable-tls --with-libc=mculib --with-abi=ilp32f --disable-libsanitizer --disable-werror --enable-multilib=yes --with-multilib-list=dsp,no-fma --with-newlib --disable-shared --enable-threads=single --with-headers=/local/sqa/Jenkins/workspace/build-system-3/toolchain/nds32le-elf-mculib-v5f/riscv32-elf/include CFLAGS='-O2 -g -Wno-implicit-fallthrough -Wno-int-in-bool-context -Wno-cast-function-type' CXXFLAGS='-O2 -g -Wno-implicit-fallthrough -Wno-int-in-bool-context -Wno-cast-function-type' CC=/local/sqa/Jenkins/workspace/build-system-3/host-tools/bin/gcc CXX=/local/sqa/Jenkins/workspace/build-system-3/host-tools/bin/g++ LD=/local/sqa/Jenkins/workspace/build-system-3/host-tools/bin/ld AR=/local/sqa/Jenkins/workspace/build-system-3/host-tools/bin/gcc-ar RANLIB=/local/sqa/Jenkins/workspace/build-system-3/host-tools/bin/gcc-ranlib NM=/local/sqa/Jenkins/workspace/build-system-3/host-tools/bin/nm --enable-checking=release LDFLAGS=--static 'CFLAGS_FOR_TARGET=-O2 -g  -mstrict-align' 'CXXFLAGS_FOR_TARGET=-O2 -g  -mstrict-align' LDFLAGS_FOR_TARGET=
Thread model: single
Supported LTO compression algorithms: zlib
gcc version 10.2.1 20200726 (2021-07-01_nds32le-elf-mculib-v5f-6374e1e0bda) 
COMPILER_PATH=/home/opt/risc-v/nds32le-elf-mculib-v5f/bin/../libexec/gcc/riscv32-elf/10.2.1/:/home/opt/risc-v/nds32le-elf-mculib-v5f/bin/../libexec/gcc/:/home/opt/risc-v/nds32le-elf-mculib-v5f/bin/../lib/gcc/riscv32-elf/10.2.1/../../../../riscv32-elf/bin/
LIBRARY_PATH=/home/opt/risc-v/nds32le-elf-mculib-v5f/bin/../lib/gcc/riscv32-elf/10.2.1/:/home/opt/risc-v/nds32le-elf-mculib-v5f/bin/../lib/gcc/:/home/opt/risc-v/nds32le-elf-mculib-v5f/bin/../lib/gcc/riscv32-elf/10.2.1/../../../../riscv32-elf/lib/
COLLECT_GCC_OPTIONS='-D' '__freertos_irq_stack_top=_stack' '-D' 'WIFI_BLE_COEXIST' '-D' 'CONFIG_CMAKE=1' '-D' 'BK_MAC=1' '-nostdlib' '-v' '-o' 'cmTC_f5ab6' '-mtune=n25f' '-march=rv32imfcxandes' '-mabi=ilp32f' '-march=rv32i2p0_m2p0_f2p0_c2p0_xandes5p0'
 /home/opt/risc-v/nds32le-elf-mculib-v5f/bin/../libexec/gcc/riscv32-elf/10.2.1/collect2 -plugin /home/opt/risc-v/nds32le-elf-mculib-v5f/bin/../libexec/gcc/riscv32-elf/10.2.1/liblto_plugin.so -plugin-opt=/home/opt/risc-v/nds32le-elf-mculib-v5f/bin/../libexec/gcc/riscv32-elf/10.2.1/lto-wrapper -plugin-opt=-fresolution=/tmp/ccdmz0Sv.res -melf32lriscv --mgp-insn-relax -o cmTC_f5ab6 -L/home/opt/risc-v/nds32le-elf-mculib-v5f/bin/../lib/gcc/riscv32-elf/10.2.1 -L/home/opt/risc-v/nds32le-elf-mculib-v5f/bin/../lib/gcc -L/home/opt/risc-v/nds32le-elf-mculib-v5f/bin/../lib/gcc/riscv32-elf/10.2.1/../../../../riscv32-elf/lib --gc-sections -wrap strlen -wrap malloc -wrap _malloc_r -wrap free -wrap _free_r -wrap zalloc -wrap calloc -wrap realloc -wrap _realloc_r -wrap printf -wrap vsnprintf -wrap snprintf -wrap sprintf -wrap puts CMakeFiles/cmTC_f5ab6.dir/CMakeCCompilerABI.c.obj -lm -lgcc -lc -lgloss
/home/opt/risc-v/nds32le-elf-mculib-v5f/bin/../lib/gcc/riscv32-elf/10.2.1/../../../../riscv32-elf/bin/ld: warning: cannot find entry symbol _start; not setting start address
COLLECT_GCC_OPTIONS='-D' '__freertos_irq_stack_top=_stack' '-D' 'WIFI_BLE_COEXIST' '-D' 'CONFIG_CMAKE=1' '-D' 'BK_MAC=1' '-nostdlib' '-v' '-o' 'cmTC_f5ab6' '-mtune=n25f' '-march=rv32imfcxandes' '-mabi=ilp32f' '-march=rv32i2p0_m2p0_f2p0_c2p0_xandes5p0'



Parsed C implicit include dir info from above output: rv=done
  found start of include info
  found start of implicit include info
    add: [/home/opt/risc-v/nds32le-elf-mculib-v5f/bin/../lib/gcc/riscv32-elf/10.2.1/include]
    add: [/home/opt/risc-v/nds32le-elf-mculib-v5f/bin/../lib/gcc/riscv32-elf/10.2.1/include-fixed]
    add: [/home/opt/risc-v/nds32le-elf-mculib-v5f/bin/../lib/gcc/riscv32-elf/10.2.1/../../../../riscv32-elf/sys-include]
    add: [/home/opt/risc-v/nds32le-elf-mculib-v5f/bin/../lib/gcc/riscv32-elf/10.2.1/../../../../riscv32-elf/include]
  end of search list found
  collapse include dir [/home/opt/risc-v/nds32le-elf-mculib-v5f/bin/../lib/gcc/riscv32-elf/10.2.1/include] ==> [/home/opt/risc-v/nds32le-elf-mculib-v5f/lib/gcc/riscv32-elf/10.2.1/include]
  collapse include dir [/home/opt/risc-v/nds32le-elf-mculib-v5f/bin/../lib/gcc/riscv32-elf/10.2.1/include-fixed] ==> [/home/opt/risc-v/nds32le-elf-mculib-v5f/lib/gcc/riscv32-elf/10.2.1/include-fixed]
  collapse include dir [/home/opt/risc-v/nds32le-elf-mculib-v5f/bin/../lib/gcc/riscv32-elf/10.2.1/../../../../riscv32-elf/sys-include] ==> [/home/opt/risc-v/nds32le-elf-mculib-v5f/riscv32-elf/sys-include]
  collapse include dir [/home/opt/risc-v/nds32le-elf-mculib-v5f/bin/../lib/gcc/riscv32-elf/10.2.1/../../../../riscv32-elf/include] ==> [/home/opt/risc-v/nds32le-elf-mculib-v5f/riscv32-elf/include]
  implicit include dirs: [/home/opt/risc-v/nds32le-elf-mculib-v5f/lib/gcc/riscv32-elf/10.2.1/include;/home/opt/risc-v/nds32le-elf-mculib-v5f/lib/gcc/riscv32-elf/10.2.1/include-fixed;/home/opt/risc-v/nds32le-elf-mculib-v5f/riscv32-elf/sys-include;/home/opt/risc-v/nds32le-elf-mculib-v5f/riscv32-elf/include]


Parsed C implicit link information from above output:
  link line regex: [^( *|.*[/\])(riscv32-elf-ld|CMAKE_LINK_STARTFILE-NOTFOUND|([^/\]+-)?ld|collect2)[^/\]*( |$)]
  ignore line: [Change Dir: /home/jenkins/workspace/Armino_SDK_Push/armino/build/bk7256_cp1/CMakeFiles/CMakeTmp]
  ignore line: []
  ignore line: [Run Build Command(s):/usr/bin/ninja-build cmTC_f5ab6 && [1/2] Building C object CMakeFiles/cmTC_f5ab6.dir/CMakeCCompilerABI.c.obj]
  ignore line: ["/home/opt/risc-v/nds32le-elf-mculib-v5f/bin/riscv32-elf-gcc.gnu" "-D__freertos_irq_stack_top=_stack" "-DWIFI_BLE_COEXIST" "-DCONFIG_CMAKE=1" "-DBK_MAC=1" "-Wl --gc-sections" "-nostdlib" "-Wl -wrap strlen" "-Wl -wrap malloc" "-Wl -wrap _malloc_r" "-Wl -wrap free" "-Wl -wrap _free_r" "-Wl -wrap zalloc" "-Wl -wrap calloc" "-Wl -wrap realloc" "-Wl -wrap _realloc_r" "-Wl -wrap printf" "-Wl -wrap vsnprintf" "-Wl -wrap snprintf" "-Wl -wrap sprintf" "-Wl -wrap puts" "-v" "-o" "CMakeFiles/cmTC_f5ab6.dir/CMakeCCompilerABI.c.obj" "-c" "/usr/local/share/cmake-3.22/Modules/CMakeCCompilerABI.c" ]
  ignore line: [Using built-in specs.]
  ignore line: [COLLECT_GCC=/home/opt/risc-v/nds32le-elf-mculib-v5f/bin/riscv32-elf-gcc.gnu]
  ignore line: [Target: riscv32-elf]
  ignore line: [Configured with: /local/sqa/Jenkins/workspace/build-system-3/source-packages/gcc-10.2.0-riscv-ast-v5_0_0-branch/configure --target=riscv32-elf --prefix=/local/sqa/Jenkins/workspace/build-system-3/toolchain/nds32le-elf-mculib-v5f --with-pkgversion=2021-07-01_nds32le-elf-mculib-v5f-6374e1e0bda --disable-nls --enable-languages=c,c++ --enable-lto --with-gmp=/local/sqa/Jenkins/workspace/build-system-3/host-tools --with-mpfr=/local/sqa/Jenkins/workspace/build-system-3/host-tools --with-mpc=/local/sqa/Jenkins/workspace/build-system-3/host-tools --with-isl=/local/sqa/Jenkins/workspace/build-system-3/host-tools --with-cloog=/local/sqa/Jenkins/workspace/build-system-3/host-tools --without-zstd --with-arch=rv32imfcxandes --with-tune=n25f --enable-Os-default-ex9=yes --enable-gp-insn-relax-default=yes --disable-tls --with-libc=mculib --with-abi=ilp32f --disable-libsanitizer --disable-werror --enable-multilib=yes --with-multilib-list=dsp,no-fma --with-newlib --disable-shared --enable-threads=single --with-headers=/local/sqa/Jenkins/workspace/build-system-3/toolchain/nds32le-elf-mculib-v5f/riscv32-elf/include CFLAGS='-O2 -g -Wno-implicit-fallthrough -Wno-int-in-bool-context -Wno-cast-function-type' CXXFLAGS='-O2 -g -Wno-implicit-fallthrough -Wno-int-in-bool-context -Wno-cast-function-type' CC=/local/sqa/Jenkins/workspace/build-system-3/host-tools/bin/gcc CXX=/local/sqa/Jenkins/workspace/build-system-3/host-tools/bin/g++ LD=/local/sqa/Jenkins/workspace/build-system-3/host-tools/bin/ld AR=/local/sqa/Jenkins/workspace/build-system-3/host-tools/bin/gcc-ar RANLIB=/local/sqa/Jenkins/workspace/build-system-3/host-tools/bin/gcc-ranlib NM=/local/sqa/Jenkins/workspace/build-system-3/host-tools/bin/nm --enable-checking=release LDFLAGS=--static 'CFLAGS_FOR_TARGET=-O2 -g  -mstrict-align' 'CXXFLAGS_FOR_TARGET=-O2 -g  -mstrict-align' LDFLAGS_FOR_TARGET=]
  ignore line: [Thread model: single]
  ignore line: [Supported LTO compression algorithms: zlib]
  ignore line: [gcc version 10.2.1 20200726 (2021-07-01_nds32le-elf-mculib-v5f-6374e1e0bda) ]
  ignore line: [COLLECT_GCC_OPTIONS='-D' '__freertos_irq_stack_top=_stack' '-D' 'WIFI_BLE_COEXIST' '-D' 'CONFIG_CMAKE=1' '-D' 'BK_MAC=1' '-nostdlib' '-v' '-o' 'CMakeFiles/cmTC_f5ab6.dir/CMakeCCompilerABI.c.obj' '-c' '-mtune=n25f' '-march=rv32imfcxandes' '-mabi=ilp32f' '-march=rv32i2p0_m2p0_f2p0_c2p0_xandes5p0']
  ignore line: [ /home/opt/risc-v/nds32le-elf-mculib-v5f/bin/../libexec/gcc/riscv32-elf/10.2.1/cc1 -quiet -v -iprefix /home/opt/risc-v/nds32le-elf-mculib-v5f/bin/../lib/gcc/riscv32-elf/10.2.1/ -D __freertos_irq_stack_top=_stack -D WIFI_BLE_COEXIST -D CONFIG_CMAKE=1 -D BK_MAC=1 /usr/local/share/cmake-3.22/Modules/CMakeCCompilerABI.c -quiet -dumpbase CMakeCCompilerABI.c -mtune=n25f -march=rv32imfcxandes -mabi=ilp32f -march=rv32i2p0_m2p0_f2p0_c2p0_xandes5p0 -auxbase-strip CMakeFiles/cmTC_f5ab6.dir/CMakeCCompilerABI.c.obj -version -o /tmp/ccp4ZoJt.s]
  ignore line: [GNU C17 (2021-07-01_nds32le-elf-mculib-v5f-6374e1e0bda) version 10.2.1 20200726 (riscv32-elf)]
  ignore line: [	compiled by GNU C version 7.3.0  GMP version 6.0.0  MPFR version 3.1.3  MPC version 1.0.2  isl version isl-0.15-GMP]
  ignore line: []
  ignore line: [GGC heuristics: --param ggc-min-expand=100 --param ggc-min-heapsize=131072]
  ignore line: [ignoring duplicate directory "/home/opt/risc-v/nds32le-elf-mculib-v5f/bin/../lib/gcc/../../lib/gcc/riscv32-elf/10.2.1/include"]
  ignore line: [ignoring duplicate directory "/home/opt/risc-v/nds32le-elf-mculib-v5f/bin/../lib/gcc/../../lib/gcc/riscv32-elf/10.2.1/include-fixed"]
  ignore line: [ignoring duplicate directory "/home/opt/risc-v/nds32le-elf-mculib-v5f/bin/../lib/gcc/../../lib/gcc/riscv32-elf/10.2.1/../../../../riscv32-elf/sys-include"]
  ignore line: [ignoring duplicate directory "/home/opt/risc-v/nds32le-elf-mculib-v5f/bin/../lib/gcc/../../lib/gcc/riscv32-elf/10.2.1/../../../../riscv32-elf/include"]
  ignore line: [#include "..." search starts here:]
  ignore line: [#include <...> search starts here:]
  ignore line: [ /home/opt/risc-v/nds32le-elf-mculib-v5f/bin/../lib/gcc/riscv32-elf/10.2.1/include]
  ignore line: [ /home/opt/risc-v/nds32le-elf-mculib-v5f/bin/../lib/gcc/riscv32-elf/10.2.1/include-fixed]
  ignore line: [ /home/opt/risc-v/nds32le-elf-mculib-v5f/bin/../lib/gcc/riscv32-elf/10.2.1/../../../../riscv32-elf/sys-include]
  ignore line: [ /home/opt/risc-v/nds32le-elf-mculib-v5f/bin/../lib/gcc/riscv32-elf/10.2.1/../../../../riscv32-elf/include]
  ignore line: [End of search list.]
  ignore line: [GNU C17 (2021-07-01_nds32le-elf-mculib-v5f-6374e1e0bda) version 10.2.1 20200726 (riscv32-elf)]
  ignore line: [	compiled by GNU C version 7.3.0  GMP version 6.0.0  MPFR version 3.1.3  MPC version 1.0.2  isl version isl-0.15-GMP]
  ignore line: []
  ignore line: [GGC heuristics: --param ggc-min-expand=100 --param ggc-min-heapsize=131072]
  ignore line: [Compiler executable checksum: 05f6c6cf50ef138d5bffa609f8026805]
  ignore line: [COLLECT_GCC_OPTIONS='-D' '__freertos_irq_stack_top=_stack' '-D' 'WIFI_BLE_COEXIST' '-D' 'CONFIG_CMAKE=1' '-D' 'BK_MAC=1' '-nostdlib' '-v' '-o' 'CMakeFiles/cmTC_f5ab6.dir/CMakeCCompilerABI.c.obj' '-c' '-mtune=n25f' '-march=rv32imfcxandes' '-mabi=ilp32f' '-march=rv32i2p0_m2p0_f2p0_c2p0_xandes5p0']
  ignore line: [ /home/opt/risc-v/nds32le-elf-mculib-v5f/bin/../lib/gcc/riscv32-elf/10.2.1/../../../../riscv32-elf/bin/as -v --traditional-format -march=rv32i2p0_m2p0_f2p0_c2p0_xandes5p0 -mabi=ilp32f -Os -o CMakeFiles/cmTC_f5ab6.dir/CMakeCCompilerABI.c.obj /tmp/ccp4ZoJt.s]
  ignore line: [GNU assembler version 2.32.0 (riscv32-elf) using BFD version (2021-07-01_nds32le-elf-mculib-v5f-7365ea67fa) 2.32.0.20190522]
  ignore line: [COMPILER_PATH=/home/opt/risc-v/nds32le-elf-mculib-v5f/bin/../libexec/gcc/riscv32-elf/10.2.1/:/home/opt/risc-v/nds32le-elf-mculib-v5f/bin/../libexec/gcc/:/home/opt/risc-v/nds32le-elf-mculib-v5f/bin/../lib/gcc/riscv32-elf/10.2.1/../../../../riscv32-elf/bin/]
  ignore line: [LIBRARY_PATH=/home/opt/risc-v/nds32le-elf-mculib-v5f/bin/../lib/gcc/riscv32-elf/10.2.1/:/home/opt/risc-v/nds32le-elf-mculib-v5f/bin/../lib/gcc/:/home/opt/risc-v/nds32le-elf-mculib-v5f/bin/../lib/gcc/riscv32-elf/10.2.1/../../../../riscv32-elf/lib/]
  ignore line: [COLLECT_GCC_OPTIONS='-D' '__freertos_irq_stack_top=_stack' '-D' 'WIFI_BLE_COEXIST' '-D' 'CONFIG_CMAKE=1' '-D' 'BK_MAC=1' '-nostdlib' '-v' '-o' 'CMakeFiles/cmTC_f5ab6.dir/CMakeCCompilerABI.c.obj' '-c' '-mtune=n25f' '-march=rv32imfcxandes' '-mabi=ilp32f' '-march=rv32i2p0_m2p0_f2p0_c2p0_xandes5p0']
  ignore line: [[2/2] Linking C executable cmTC_f5ab6]
  ignore line: ["/home/opt/risc-v/nds32le-elf-mculib-v5f/bin/riscv32-elf-gcc.gnu" "-D__freertos_irq_stack_top=_stack" "-DWIFI_BLE_COEXIST" "-DCONFIG_CMAKE=1" "-DBK_MAC=1" "-Wl --gc-sections" "-nostdlib" "-Wl -wrap strlen" "-Wl -wrap malloc" "-Wl -wrap _malloc_r" "-Wl -wrap free" "-Wl -wrap _free_r" "-Wl -wrap zalloc" "-Wl -wrap calloc" "-Wl -wrap realloc" "-Wl -wrap _realloc_r" "-Wl -wrap printf" "-Wl -wrap vsnprintf" "-Wl -wrap snprintf" "-Wl -wrap sprintf" "-Wl -wrap puts" "-v" "CMakeFiles/cmTC_f5ab6.dir/CMakeCCompilerABI.c.obj" "-o" "cmTC_f5ab6" "-lm" "-lgcc" "-lc" "-lgloss" ]
  ignore line: [Using built-in specs.]
  ignore line: [COLLECT_GCC=/home/opt/risc-v/nds32le-elf-mculib-v5f/bin/riscv32-elf-gcc.gnu]
  ignore line: [COLLECT_LTO_WRAPPER=/home/opt/risc-v/nds32le-elf-mculib-v5f/bin/../libexec/gcc/riscv32-elf/10.2.1/lto-wrapper]
  ignore line: [Target: riscv32-elf]
  ignore line: [Configured with: /local/sqa/Jenkins/workspace/build-system-3/source-packages/gcc-10.2.0-riscv-ast-v5_0_0-branch/configure --target=riscv32-elf --prefix=/local/sqa/Jenkins/workspace/build-system-3/toolchain/nds32le-elf-mculib-v5f --with-pkgversion=2021-07-01_nds32le-elf-mculib-v5f-6374e1e0bda --disable-nls --enable-languages=c,c++ --enable-lto --with-gmp=/local/sqa/Jenkins/workspace/build-system-3/host-tools --with-mpfr=/local/sqa/Jenkins/workspace/build-system-3/host-tools --with-mpc=/local/sqa/Jenkins/workspace/build-system-3/host-tools --with-isl=/local/sqa/Jenkins/workspace/build-system-3/host-tools --with-cloog=/local/sqa/Jenkins/workspace/build-system-3/host-tools --without-zstd --with-arch=rv32imfcxandes --with-tune=n25f --enable-Os-default-ex9=yes --enable-gp-insn-relax-default=yes --disable-tls --with-libc=mculib --with-abi=ilp32f --disable-libsanitizer --disable-werror --enable-multilib=yes --with-multilib-list=dsp,no-fma --with-newlib --disable-shared --enable-threads=single --with-headers=/local/sqa/Jenkins/workspace/build-system-3/toolchain/nds32le-elf-mculib-v5f/riscv32-elf/include CFLAGS='-O2 -g -Wno-implicit-fallthrough -Wno-int-in-bool-context -Wno-cast-function-type' CXXFLAGS='-O2 -g -Wno-implicit-fallthrough -Wno-int-in-bool-context -Wno-cast-function-type' CC=/local/sqa/Jenkins/workspace/build-system-3/host-tools/bin/gcc CXX=/local/sqa/Jenkins/workspace/build-system-3/host-tools/bin/g++ LD=/local/sqa/Jenkins/workspace/build-system-3/host-tools/bin/ld AR=/local/sqa/Jenkins/workspace/build-system-3/host-tools/bin/gcc-ar RANLIB=/local/sqa/Jenkins/workspace/build-system-3/host-tools/bin/gcc-ranlib NM=/local/sqa/Jenkins/workspace/build-system-3/host-tools/bin/nm --enable-checking=release LDFLAGS=--static 'CFLAGS_FOR_TARGET=-O2 -g  -mstrict-align' 'CXXFLAGS_FOR_TARGET=-O2 -g  -mstrict-align' LDFLAGS_FOR_TARGET=]
  ignore line: [Thread model: single]
  ignore line: [Supported LTO compression algorithms: zlib]
  ignore line: [gcc version 10.2.1 20200726 (2021-07-01_nds32le-elf-mculib-v5f-6374e1e0bda) ]
  ignore line: [COMPILER_PATH=/home/opt/risc-v/nds32le-elf-mculib-v5f/bin/../libexec/gcc/riscv32-elf/10.2.1/:/home/opt/risc-v/nds32le-elf-mculib-v5f/bin/../libexec/gcc/:/home/opt/risc-v/nds32le-elf-mculib-v5f/bin/../lib/gcc/riscv32-elf/10.2.1/../../../../riscv32-elf/bin/]
  ignore line: [LIBRARY_PATH=/home/opt/risc-v/nds32le-elf-mculib-v5f/bin/../lib/gcc/riscv32-elf/10.2.1/:/home/opt/risc-v/nds32le-elf-mculib-v5f/bin/../lib/gcc/:/home/opt/risc-v/nds32le-elf-mculib-v5f/bin/../lib/gcc/riscv32-elf/10.2.1/../../../../riscv32-elf/lib/]
  ignore line: [COLLECT_GCC_OPTIONS='-D' '__freertos_irq_stack_top=_stack' '-D' 'WIFI_BLE_COEXIST' '-D' 'CONFIG_CMAKE=1' '-D' 'BK_MAC=1' '-nostdlib' '-v' '-o' 'cmTC_f5ab6' '-mtune=n25f' '-march=rv32imfcxandes' '-mabi=ilp32f' '-march=rv32i2p0_m2p0_f2p0_c2p0_xandes5p0']
  link line: [ /home/opt/risc-v/nds32le-elf-mculib-v5f/bin/../libexec/gcc/riscv32-elf/10.2.1/collect2 -plugin /home/opt/risc-v/nds32le-elf-mculib-v5f/bin/../libexec/gcc/riscv32-elf/10.2.1/liblto_plugin.so -plugin-opt=/home/opt/risc-v/nds32le-elf-mculib-v5f/bin/../libexec/gcc/riscv32-elf/10.2.1/lto-wrapper -plugin-opt=-fresolution=/tmp/ccdmz0Sv.res -melf32lriscv --mgp-insn-relax -o cmTC_f5ab6 -L/home/opt/risc-v/nds32le-elf-mculib-v5f/bin/../lib/gcc/riscv32-elf/10.2.1 -L/home/opt/risc-v/nds32le-elf-mculib-v5f/bin/../lib/gcc -L/home/opt/risc-v/nds32le-elf-mculib-v5f/bin/../lib/gcc/riscv32-elf/10.2.1/../../../../riscv32-elf/lib --gc-sections -wrap strlen -wrap malloc -wrap _malloc_r -wrap free -wrap _free_r -wrap zalloc -wrap calloc -wrap realloc -wrap _realloc_r -wrap printf -wrap vsnprintf -wrap snprintf -wrap sprintf -wrap puts CMakeFiles/cmTC_f5ab6.dir/CMakeCCompilerABI.c.obj -lm -lgcc -lc -lgloss]
    arg [/home/opt/risc-v/nds32le-elf-mculib-v5f/bin/../libexec/gcc/riscv32-elf/10.2.1/collect2] ==> ignore
    arg [-plugin] ==> ignore
    arg [/home/opt/risc-v/nds32le-elf-mculib-v5f/bin/../libexec/gcc/riscv32-elf/10.2.1/liblto_plugin.so] ==> ignore
    arg [-plugin-opt=/home/opt/risc-v/nds32le-elf-mculib-v5f/bin/../libexec/gcc/riscv32-elf/10.2.1/lto-wrapper] ==> ignore
    arg [-plugin-opt=-fresolution=/tmp/ccdmz0Sv.res] ==> ignore
    arg [-melf32lriscv] ==> ignore
    arg [--mgp-insn-relax] ==> ignore
    arg [-o] ==> ignore
    arg [cmTC_f5ab6] ==> ignore
    arg [-L/home/opt/risc-v/nds32le-elf-mculib-v5f/bin/../lib/gcc/riscv32-elf/10.2.1] ==> dir [/home/opt/risc-v/nds32le-elf-mculib-v5f/bin/../lib/gcc/riscv32-elf/10.2.1]
    arg [-L/home/opt/risc-v/nds32le-elf-mculib-v5f/bin/../lib/gcc] ==> dir [/home/opt/risc-v/nds32le-elf-mculib-v5f/bin/../lib/gcc]
    arg [-L/home/opt/risc-v/nds32le-elf-mculib-v5f/bin/../lib/gcc/riscv32-elf/10.2.1/../../../../riscv32-elf/lib] ==> dir [/home/opt/risc-v/nds32le-elf-mculib-v5f/bin/../lib/gcc/riscv32-elf/10.2.1/../../../../riscv32-elf/lib]
    arg [--gc-sections] ==> ignore
    arg [-wrap] ==> ignore
    arg [strlen] ==> ignore
    arg [-wrap] ==> ignore
    arg [malloc] ==> ignore
    arg [-wrap] ==> ignore
    arg [_malloc_r] ==> ignore
    arg [-wrap] ==> ignore
    arg [free] ==> ignore
    arg [-wrap] ==> ignore
    arg [_free_r] ==> ignore
    arg [-wrap] ==> ignore
    arg [zalloc] ==> ignore
    arg [-wrap] ==> ignore
    arg [calloc] ==> ignore
    arg [-wrap] ==> ignore
    arg [realloc] ==> ignore
    arg [-wrap] ==> ignore
    arg [_realloc_r] ==> ignore
    arg [-wrap] ==> ignore
    arg [printf] ==> ignore
    arg [-wrap] ==> ignore
    arg [vsnprintf] ==> ignore
    arg [-wrap] ==> ignore
    arg [snprintf] ==> ignore
    arg [-wrap] ==> ignore
    arg [sprintf] ==> ignore
    arg [-wrap] ==> ignore
    arg [puts] ==> ignore
    arg [CMakeFiles/cmTC_f5ab6.dir/CMakeCCompilerABI.c.obj] ==> ignore
    arg [-lm] ==> lib [m]
    arg [-lgcc] ==> lib [gcc]
    arg [-lc] ==> lib [c]
    arg [-lgloss] ==> lib [gloss]
  collapse library dir [/home/opt/risc-v/nds32le-elf-mculib-v5f/bin/../lib/gcc/riscv32-elf/10.2.1] ==> [/home/opt/risc-v/nds32le-elf-mculib-v5f/lib/gcc/riscv32-elf/10.2.1]
  collapse library dir [/home/opt/risc-v/nds32le-elf-mculib-v5f/bin/../lib/gcc] ==> [/home/opt/risc-v/nds32le-elf-mculib-v5f/lib/gcc]
  collapse library dir [/home/opt/risc-v/nds32le-elf-mculib-v5f/bin/../lib/gcc/riscv32-elf/10.2.1/../../../../riscv32-elf/lib] ==> [/home/opt/risc-v/nds32le-elf-mculib-v5f/riscv32-elf/lib]
  implicit libs: [m;gcc;c;gloss]
  implicit objs: []
  implicit dirs: [/home/opt/risc-v/nds32le-elf-mculib-v5f/lib/gcc/riscv32-elf/10.2.1;/home/opt/risc-v/nds32le-elf-mculib-v5f/lib/gcc;/home/opt/risc-v/nds32le-elf-mculib-v5f/riscv32-elf/lib]
  implicit fwks: []


Detecting CXX compiler ABI info compiled with the following output:
Change Dir: /home/jenkins/workspace/Armino_SDK_Push/armino/build/bk7256_cp1/CMakeFiles/CMakeTmp

Run Build Command(s):/usr/bin/ninja-build cmTC_14aea && [1/2] Building CXX object CMakeFiles/cmTC_14aea.dir/CMakeCXXCompilerABI.cpp.obj
"/home/opt/risc-v/nds32le-elf-mculib-v5f/bin/riscv32-elf-g++.gnu" "-nostdlib" "-v" "-o" "CMakeFiles/cmTC_14aea.dir/CMakeCXXCompilerABI.cpp.obj" "-c" "/usr/local/share/cmake-3.22/Modules/CMakeCXXCompilerABI.cpp" 
Using built-in specs.
COLLECT_GCC=/home/opt/risc-v/nds32le-elf-mculib-v5f/bin/riscv32-elf-g++.gnu
Target: riscv32-elf
Configured with: /local/sqa/Jenkins/workspace/build-system-3/source-packages/gcc-10.2.0-riscv-ast-v5_0_0-branch/configure --target=riscv32-elf --prefix=/local/sqa/Jenkins/workspace/build-system-3/toolchain/nds32le-elf-mculib-v5f --with-pkgversion=2021-07-01_nds32le-elf-mculib-v5f-6374e1e0bda --disable-nls --enable-languages=c,c++ --enable-lto --with-gmp=/local/sqa/Jenkins/workspace/build-system-3/host-tools --with-mpfr=/local/sqa/Jenkins/workspace/build-system-3/host-tools --with-mpc=/local/sqa/Jenkins/workspace/build-system-3/host-tools --with-isl=/local/sqa/Jenkins/workspace/build-system-3/host-tools --with-cloog=/local/sqa/Jenkins/workspace/build-system-3/host-tools --without-zstd --with-arch=rv32imfcxandes --with-tune=n25f --enable-Os-default-ex9=yes --enable-gp-insn-relax-default=yes --disable-tls --with-libc=mculib --with-abi=ilp32f --disable-libsanitizer --disable-werror --enable-multilib=yes --with-multilib-list=dsp,no-fma --with-newlib --disable-shared --enable-threads=single --with-headers=/local/sqa/Jenkins/workspace/build-system-3/toolchain/nds32le-elf-mculib-v5f/riscv32-elf/include CFLAGS='-O2 -g -Wno-implicit-fallthrough -Wno-int-in-bool-context -Wno-cast-function-type' CXXFLAGS='-O2 -g -Wno-implicit-fallthrough -Wno-int-in-bool-context -Wno-cast-function-type' CC=/local/sqa/Jenkins/workspace/build-system-3/host-tools/bin/gcc CXX=/local/sqa/Jenkins/workspace/build-system-3/host-tools/bin/g++ LD=/local/sqa/Jenkins/workspace/build-system-3/host-tools/bin/ld AR=/local/sqa/Jenkins/workspace/build-system-3/host-tools/bin/gcc-ar RANLIB=/local/sqa/Jenkins/workspace/build-system-3/host-tools/bin/gcc-ranlib NM=/local/sqa/Jenkins/workspace/build-system-3/host-tools/bin/nm --enable-checking=release LDFLAGS=--static 'CFLAGS_FOR_TARGET=-O2 -g  -mstrict-align' 'CXXFLAGS_FOR_TARGET=-O2 -g  -mstrict-align' LDFLAGS_FOR_TARGET=
Thread model: single
Supported LTO compression algorithms: zlib
gcc version 10.2.1 20200726 (2021-07-01_nds32le-elf-mculib-v5f-6374e1e0bda) 
COLLECT_GCC_OPTIONS='-nostdlib' '-v' '-o' 'CMakeFiles/cmTC_14aea.dir/CMakeCXXCompilerABI.cpp.obj' '-c' '-mtune=n25f' '-march=rv32imfcxandes' '-mabi=ilp32f' '-march=rv32i2p0_m2p0_f2p0_c2p0_xandes5p0'
 /home/opt/risc-v/nds32le-elf-mculib-v5f/bin/../libexec/gcc/riscv32-elf/10.2.1/cc1plus -quiet -v -iprefix /home/opt/risc-v/nds32le-elf-mculib-v5f/bin/../lib/gcc/riscv32-elf/10.2.1/ /usr/local/share/cmake-3.22/Modules/CMakeCXXCompilerABI.cpp -quiet -dumpbase CMakeCXXCompilerABI.cpp -mtune=n25f -march=rv32imfcxandes -mabi=ilp32f -march=rv32i2p0_m2p0_f2p0_c2p0_xandes5p0 -auxbase-strip CMakeFiles/cmTC_14aea.dir/CMakeCXXCompilerABI.cpp.obj -version -o /tmp/ccSHTJeA.s
GNU C++14 (2021-07-01_nds32le-elf-mculib-v5f-6374e1e0bda) version 10.2.1 20200726 (riscv32-elf)
	compiled by GNU C version 7.3.0, GMP version 6.0.0, MPFR version 3.1.3, MPC version 1.0.2, isl version isl-0.15-GMP

GGC heuristics: --param ggc-min-expand=100 --param ggc-min-heapsize=131072
ignoring duplicate directory "/home/opt/risc-v/nds32le-elf-mculib-v5f/bin/../lib/gcc/../../lib/gcc/riscv32-elf/10.2.1/../../../../riscv32-elf/include/c++/10.2.1"
ignoring duplicate directory "/home/opt/risc-v/nds32le-elf-mculib-v5f/bin/../lib/gcc/../../lib/gcc/riscv32-elf/10.2.1/../../../../riscv32-elf/include/c++/10.2.1/riscv32-elf"
ignoring duplicate directory "/home/opt/risc-v/nds32le-elf-mculib-v5f/bin/../lib/gcc/../../lib/gcc/riscv32-elf/10.2.1/../../../../riscv32-elf/include/c++/10.2.1/backward"
ignoring duplicate directory "/home/opt/risc-v/nds32le-elf-mculib-v5f/bin/../lib/gcc/../../lib/gcc/riscv32-elf/10.2.1/include"
ignoring duplicate directory "/home/opt/risc-v/nds32le-elf-mculib-v5f/bin/../lib/gcc/../../lib/gcc/riscv32-elf/10.2.1/include-fixed"
ignoring duplicate directory "/home/opt/risc-v/nds32le-elf-mculib-v5f/bin/../lib/gcc/../../lib/gcc/riscv32-elf/10.2.1/../../../../riscv32-elf/sys-include"
ignoring duplicate directory "/home/opt/risc-v/nds32le-elf-mculib-v5f/bin/../lib/gcc/../../lib/gcc/riscv32-elf/10.2.1/../../../../riscv32-elf/include"
#include "..." search starts here:
#include <...> search starts here:
 /home/opt/risc-v/nds32le-elf-mculib-v5f/bin/../lib/gcc/riscv32-elf/10.2.1/../../../../riscv32-elf/include/c++/10.2.1
 /home/opt/risc-v/nds32le-elf-mculib-v5f/bin/../lib/gcc/riscv32-elf/10.2.1/../../../../riscv32-elf/include/c++/10.2.1/riscv32-elf
 /home/opt/risc-v/nds32le-elf-mculib-v5f/bin/../lib/gcc/riscv32-elf/10.2.1/../../../../riscv32-elf/include/c++/10.2.1/backward
 /home/opt/risc-v/nds32le-elf-mculib-v5f/bin/../lib/gcc/riscv32-elf/10.2.1/include
 /home/opt/risc-v/nds32le-elf-mculib-v5f/bin/../lib/gcc/riscv32-elf/10.2.1/include-fixed
 /home/opt/risc-v/nds32le-elf-mculib-v5f/bin/../lib/gcc/riscv32-elf/10.2.1/../../../../riscv32-elf/sys-include
 /home/opt/risc-v/nds32le-elf-mculib-v5f/bin/../lib/gcc/riscv32-elf/10.2.1/../../../../riscv32-elf/include
End of search list.
GNU C++14 (2021-07-01_nds32le-elf-mculib-v5f-6374e1e0bda) version 10.2.1 20200726 (riscv32-elf)
	compiled by GNU C version 7.3.0, GMP version 6.0.0, MPFR version 3.1.3, MPC version 1.0.2, isl version isl-0.15-GMP

GGC heuristics: --param ggc-min-expand=100 --param ggc-min-heapsize=131072
Compiler executable checksum: c1c9dc6a23ec0b40d961f47ac20ca095
COLLECT_GCC_OPTIONS='-nostdlib' '-v' '-o' 'CMakeFiles/cmTC_14aea.dir/CMakeCXXCompilerABI.cpp.obj' '-c' '-mtune=n25f' '-march=rv32imfcxandes' '-mabi=ilp32f' '-march=rv32i2p0_m2p0_f2p0_c2p0_xandes5p0'
 /home/opt/risc-v/nds32le-elf-mculib-v5f/bin/../lib/gcc/riscv32-elf/10.2.1/../../../../riscv32-elf/bin/as -v --traditional-format -march=rv32i2p0_m2p0_f2p0_c2p0_xandes5p0 -mabi=ilp32f -Os -o CMakeFiles/cmTC_14aea.dir/CMakeCXXCompilerABI.cpp.obj /tmp/ccSHTJeA.s
GNU assembler version 2.32.0 (riscv32-elf) using BFD version (2021-07-01_nds32le-elf-mculib-v5f-7365ea67fa) 2.32.0.20190522
COMPILER_PATH=/home/opt/risc-v/nds32le-elf-mculib-v5f/bin/../libexec/gcc/riscv32-elf/10.2.1/:/home/opt/risc-v/nds32le-elf-mculib-v5f/bin/../libexec/gcc/:/home/opt/risc-v/nds32le-elf-mculib-v5f/bin/../lib/gcc/riscv32-elf/10.2.1/../../../../riscv32-elf/bin/
LIBRARY_PATH=/home/opt/risc-v/nds32le-elf-mculib-v5f/bin/../lib/gcc/riscv32-elf/10.2.1/:/home/opt/risc-v/nds32le-elf-mculib-v5f/bin/../lib/gcc/:/home/opt/risc-v/nds32le-elf-mculib-v5f/bin/../lib/gcc/riscv32-elf/10.2.1/../../../../riscv32-elf/lib/
COLLECT_GCC_OPTIONS='-nostdlib' '-v' '-o' 'CMakeFiles/cmTC_14aea.dir/CMakeCXXCompilerABI.cpp.obj' '-c' '-mtune=n25f' '-march=rv32imfcxandes' '-mabi=ilp32f' '-march=rv32i2p0_m2p0_f2p0_c2p0_xandes5p0'
[2/2] Linking CXX executable cmTC_14aea
"/home/opt/risc-v/nds32le-elf-mculib-v5f/bin/riscv32-elf-g++.gnu" "-nostdlib" "-v" "CMakeFiles/cmTC_14aea.dir/CMakeCXXCompilerABI.cpp.obj" "-o" "cmTC_14aea" "-lm" "-lgcc" "-lc" "-lgloss" 
Using built-in specs.
COLLECT_GCC=/home/opt/risc-v/nds32le-elf-mculib-v5f/bin/riscv32-elf-g++.gnu
COLLECT_LTO_WRAPPER=/home/opt/risc-v/nds32le-elf-mculib-v5f/bin/../libexec/gcc/riscv32-elf/10.2.1/lto-wrapper
Target: riscv32-elf
Configured with: /local/sqa/Jenkins/workspace/build-system-3/source-packages/gcc-10.2.0-riscv-ast-v5_0_0-branch/configure --target=riscv32-elf --prefix=/local/sqa/Jenkins/workspace/build-system-3/toolchain/nds32le-elf-mculib-v5f --with-pkgversion=2021-07-01_nds32le-elf-mculib-v5f-6374e1e0bda --disable-nls --enable-languages=c,c++ --enable-lto --with-gmp=/local/sqa/Jenkins/workspace/build-system-3/host-tools --with-mpfr=/local/sqa/Jenkins/workspace/build-system-3/host-tools --with-mpc=/local/sqa/Jenkins/workspace/build-system-3/host-tools --with-isl=/local/sqa/Jenkins/workspace/build-system-3/host-tools --with-cloog=/local/sqa/Jenkins/workspace/build-system-3/host-tools --without-zstd --with-arch=rv32imfcxandes --with-tune=n25f --enable-Os-default-ex9=yes --enable-gp-insn-relax-default=yes --disable-tls --with-libc=mculib --with-abi=ilp32f --disable-libsanitizer --disable-werror --enable-multilib=yes --with-multilib-list=dsp,no-fma --with-newlib --disable-shared --enable-threads=single --with-headers=/local/sqa/Jenkins/workspace/build-system-3/toolchain/nds32le-elf-mculib-v5f/riscv32-elf/include CFLAGS='-O2 -g -Wno-implicit-fallthrough -Wno-int-in-bool-context -Wno-cast-function-type' CXXFLAGS='-O2 -g -Wno-implicit-fallthrough -Wno-int-in-bool-context -Wno-cast-function-type' CC=/local/sqa/Jenkins/workspace/build-system-3/host-tools/bin/gcc CXX=/local/sqa/Jenkins/workspace/build-system-3/host-tools/bin/g++ LD=/local/sqa/Jenkins/workspace/build-system-3/host-tools/bin/ld AR=/local/sqa/Jenkins/workspace/build-system-3/host-tools/bin/gcc-ar RANLIB=/local/sqa/Jenkins/workspace/build-system-3/host-tools/bin/gcc-ranlib NM=/local/sqa/Jenkins/workspace/build-system-3/host-tools/bin/nm --enable-checking=release LDFLAGS=--static 'CFLAGS_FOR_TARGET=-O2 -g  -mstrict-align' 'CXXFLAGS_FOR_TARGET=-O2 -g  -mstrict-align' LDFLAGS_FOR_TARGET=
Thread model: single
Supported LTO compression algorithms: zlib
gcc version 10.2.1 20200726 (2021-07-01_nds32le-elf-mculib-v5f-6374e1e0bda) 
COMPILER_PATH=/home/opt/risc-v/nds32le-elf-mculib-v5f/bin/../libexec/gcc/riscv32-elf/10.2.1/:/home/opt/risc-v/nds32le-elf-mculib-v5f/bin/../libexec/gcc/:/home/opt/risc-v/nds32le-elf-mculib-v5f/bin/../lib/gcc/riscv32-elf/10.2.1/../../../../riscv32-elf/bin/
LIBRARY_PATH=/home/opt/risc-v/nds32le-elf-mculib-v5f/bin/../lib/gcc/riscv32-elf/10.2.1/:/home/opt/risc-v/nds32le-elf-mculib-v5f/bin/../lib/gcc/:/home/opt/risc-v/nds32le-elf-mculib-v5f/bin/../lib/gcc/riscv32-elf/10.2.1/../../../../riscv32-elf/lib/
COLLECT_GCC_OPTIONS='-nostdlib' '-v' '-o' 'cmTC_14aea' '-mtune=n25f' '-march=rv32imfcxandes' '-mabi=ilp32f' '-march=rv32i2p0_m2p0_f2p0_c2p0_xandes5p0'
 /home/opt/risc-v/nds32le-elf-mculib-v5f/bin/../libexec/gcc/riscv32-elf/10.2.1/collect2 -plugin /home/opt/risc-v/nds32le-elf-mculib-v5f/bin/../libexec/gcc/riscv32-elf/10.2.1/liblto_plugin.so -plugin-opt=/home/opt/risc-v/nds32le-elf-mculib-v5f/bin/../libexec/gcc/riscv32-elf/10.2.1/lto-wrapper -plugin-opt=-fresolution=/tmp/cc2anqzC.res -melf32lriscv --mgp-insn-relax -o cmTC_14aea -L/home/opt/risc-v/nds32le-elf-mculib-v5f/bin/../lib/gcc/riscv32-elf/10.2.1 -L/home/opt/risc-v/nds32le-elf-mculib-v5f/bin/../lib/gcc -L/home/opt/risc-v/nds32le-elf-mculib-v5f/bin/../lib/gcc/riscv32-elf/10.2.1/../../../../riscv32-elf/lib CMakeFiles/cmTC_14aea.dir/CMakeCXXCompilerABI.cpp.obj -lm -lgcc -lc -lgloss
/home/opt/risc-v/nds32le-elf-mculib-v5f/bin/../lib/gcc/riscv32-elf/10.2.1/../../../../riscv32-elf/bin/ld: warning: cannot find entry symbol _start; defaulting to 0000000000010074
COLLECT_GCC_OPTIONS='-nostdlib' '-v' '-o' 'cmTC_14aea' '-mtune=n25f' '-march=rv32imfcxandes' '-mabi=ilp32f' '-march=rv32i2p0_m2p0_f2p0_c2p0_xandes5p0'



Parsed CXX implicit include dir info from above output: rv=done
  found start of include info
  found start of implicit include info
    add: [/home/opt/risc-v/nds32le-elf-mculib-v5f/bin/../lib/gcc/riscv32-elf/10.2.1/../../../../riscv32-elf/include/c++/10.2.1]
    add: [/home/opt/risc-v/nds32le-elf-mculib-v5f/bin/../lib/gcc/riscv32-elf/10.2.1/../../../../riscv32-elf/include/c++/10.2.1/riscv32-elf]
    add: [/home/opt/risc-v/nds32le-elf-mculib-v5f/bin/../lib/gcc/riscv32-elf/10.2.1/../../../../riscv32-elf/include/c++/10.2.1/backward]
    add: [/home/opt/risc-v/nds32le-elf-mculib-v5f/bin/../lib/gcc/riscv32-elf/10.2.1/include]
    add: [/home/opt/risc-v/nds32le-elf-mculib-v5f/bin/../lib/gcc/riscv32-elf/10.2.1/include-fixed]
    add: [/home/opt/risc-v/nds32le-elf-mculib-v5f/bin/../lib/gcc/riscv32-elf/10.2.1/../../../../riscv32-elf/sys-include]
    add: [/home/opt/risc-v/nds32le-elf-mculib-v5f/bin/../lib/gcc/riscv32-elf/10.2.1/../../../../riscv32-elf/include]
  end of search list found
  collapse include dir [/home/opt/risc-v/nds32le-elf-mculib-v5f/bin/../lib/gcc/riscv32-elf/10.2.1/../../../../riscv32-elf/include/c++/10.2.1] ==> [/home/opt/risc-v/nds32le-elf-mculib-v5f/riscv32-elf/include/c++/10.2.1]
  collapse include dir [/home/opt/risc-v/nds32le-elf-mculib-v5f/bin/../lib/gcc/riscv32-elf/10.2.1/../../../../riscv32-elf/include/c++/10.2.1/riscv32-elf] ==> [/home/opt/risc-v/nds32le-elf-mculib-v5f/riscv32-elf/include/c++/10.2.1/riscv32-elf]
  collapse include dir [/home/opt/risc-v/nds32le-elf-mculib-v5f/bin/../lib/gcc/riscv32-elf/10.2.1/../../../../riscv32-elf/include/c++/10.2.1/backward] ==> [/home/opt/risc-v/nds32le-elf-mculib-v5f/riscv32-elf/include/c++/10.2.1/backward]
  collapse include dir [/home/opt/risc-v/nds32le-elf-mculib-v5f/bin/../lib/gcc/riscv32-elf/10.2.1/include] ==> [/home/opt/risc-v/nds32le-elf-mculib-v5f/lib/gcc/riscv32-elf/10.2.1/include]
  collapse include dir [/home/opt/risc-v/nds32le-elf-mculib-v5f/bin/../lib/gcc/riscv32-elf/10.2.1/include-fixed] ==> [/home/opt/risc-v/nds32le-elf-mculib-v5f/lib/gcc/riscv32-elf/10.2.1/include-fixed]
  collapse include dir [/home/opt/risc-v/nds32le-elf-mculib-v5f/bin/../lib/gcc/riscv32-elf/10.2.1/../../../../riscv32-elf/sys-include] ==> [/home/opt/risc-v/nds32le-elf-mculib-v5f/riscv32-elf/sys-include]
  collapse include dir [/home/opt/risc-v/nds32le-elf-mculib-v5f/bin/../lib/gcc/riscv32-elf/10.2.1/../../../../riscv32-elf/include] ==> [/home/opt/risc-v/nds32le-elf-mculib-v5f/riscv32-elf/include]
  implicit include dirs: [/home/opt/risc-v/nds32le-elf-mculib-v5f/riscv32-elf/include/c++/10.2.1;/home/opt/risc-v/nds32le-elf-mculib-v5f/riscv32-elf/include/c++/10.2.1/riscv32-elf;/home/opt/risc-v/nds32le-elf-mculib-v5f/riscv32-elf/include/c++/10.2.1/backward;/home/opt/risc-v/nds32le-elf-mculib-v5f/lib/gcc/riscv32-elf/10.2.1/include;/home/opt/risc-v/nds32le-elf-mculib-v5f/lib/gcc/riscv32-elf/10.2.1/include-fixed;/home/opt/risc-v/nds32le-elf-mculib-v5f/riscv32-elf/sys-include;/home/opt/risc-v/nds32le-elf-mculib-v5f/riscv32-elf/include]


Parsed CXX implicit link information from above output:
  link line regex: [^( *|.*[/\])(riscv32-elf-ld|CMAKE_LINK_STARTFILE-NOTFOUND|([^/\]+-)?ld|collect2)[^/\]*( |$)]
  ignore line: [Change Dir: /home/jenkins/workspace/Armino_SDK_Push/armino/build/bk7256_cp1/CMakeFiles/CMakeTmp]
  ignore line: []
  ignore line: [Run Build Command(s):/usr/bin/ninja-build cmTC_14aea && [1/2] Building CXX object CMakeFiles/cmTC_14aea.dir/CMakeCXXCompilerABI.cpp.obj]
  ignore line: ["/home/opt/risc-v/nds32le-elf-mculib-v5f/bin/riscv32-elf-g++.gnu" "-nostdlib" "-v" "-o" "CMakeFiles/cmTC_14aea.dir/CMakeCXXCompilerABI.cpp.obj" "-c" "/usr/local/share/cmake-3.22/Modules/CMakeCXXCompilerABI.cpp" ]
  ignore line: [Using built-in specs.]
  ignore line: [COLLECT_GCC=/home/opt/risc-v/nds32le-elf-mculib-v5f/bin/riscv32-elf-g++.gnu]
  ignore line: [Target: riscv32-elf]
  ignore line: [Configured with: /local/sqa/Jenkins/workspace/build-system-3/source-packages/gcc-10.2.0-riscv-ast-v5_0_0-branch/configure --target=riscv32-elf --prefix=/local/sqa/Jenkins/workspace/build-system-3/toolchain/nds32le-elf-mculib-v5f --with-pkgversion=2021-07-01_nds32le-elf-mculib-v5f-6374e1e0bda --disable-nls --enable-languages=c,c++ --enable-lto --with-gmp=/local/sqa/Jenkins/workspace/build-system-3/host-tools --with-mpfr=/local/sqa/Jenkins/workspace/build-system-3/host-tools --with-mpc=/local/sqa/Jenkins/workspace/build-system-3/host-tools --with-isl=/local/sqa/Jenkins/workspace/build-system-3/host-tools --with-cloog=/local/sqa/Jenkins/workspace/build-system-3/host-tools --without-zstd --with-arch=rv32imfcxandes --with-tune=n25f --enable-Os-default-ex9=yes --enable-gp-insn-relax-default=yes --disable-tls --with-libc=mculib --with-abi=ilp32f --disable-libsanitizer --disable-werror --enable-multilib=yes --with-multilib-list=dsp,no-fma --with-newlib --disable-shared --enable-threads=single --with-headers=/local/sqa/Jenkins/workspace/build-system-3/toolchain/nds32le-elf-mculib-v5f/riscv32-elf/include CFLAGS='-O2 -g -Wno-implicit-fallthrough -Wno-int-in-bool-context -Wno-cast-function-type' CXXFLAGS='-O2 -g -Wno-implicit-fallthrough -Wno-int-in-bool-context -Wno-cast-function-type' CC=/local/sqa/Jenkins/workspace/build-system-3/host-tools/bin/gcc CXX=/local/sqa/Jenkins/workspace/build-system-3/host-tools/bin/g++ LD=/local/sqa/Jenkins/workspace/build-system-3/host-tools/bin/ld AR=/local/sqa/Jenkins/workspace/build-system-3/host-tools/bin/gcc-ar RANLIB=/local/sqa/Jenkins/workspace/build-system-3/host-tools/bin/gcc-ranlib NM=/local/sqa/Jenkins/workspace/build-system-3/host-tools/bin/nm --enable-checking=release LDFLAGS=--static 'CFLAGS_FOR_TARGET=-O2 -g  -mstrict-align' 'CXXFLAGS_FOR_TARGET=-O2 -g  -mstrict-align' LDFLAGS_FOR_TARGET=]
  ignore line: [Thread model: single]
  ignore line: [Supported LTO compression algorithms: zlib]
  ignore line: [gcc version 10.2.1 20200726 (2021-07-01_nds32le-elf-mculib-v5f-6374e1e0bda) ]
  ignore line: [COLLECT_GCC_OPTIONS='-nostdlib' '-v' '-o' 'CMakeFiles/cmTC_14aea.dir/CMakeCXXCompilerABI.cpp.obj' '-c' '-mtune=n25f' '-march=rv32imfcxandes' '-mabi=ilp32f' '-march=rv32i2p0_m2p0_f2p0_c2p0_xandes5p0']
  ignore line: [ /home/opt/risc-v/nds32le-elf-mculib-v5f/bin/../libexec/gcc/riscv32-elf/10.2.1/cc1plus -quiet -v -iprefix /home/opt/risc-v/nds32le-elf-mculib-v5f/bin/../lib/gcc/riscv32-elf/10.2.1/ /usr/local/share/cmake-3.22/Modules/CMakeCXXCompilerABI.cpp -quiet -dumpbase CMakeCXXCompilerABI.cpp -mtune=n25f -march=rv32imfcxandes -mabi=ilp32f -march=rv32i2p0_m2p0_f2p0_c2p0_xandes5p0 -auxbase-strip CMakeFiles/cmTC_14aea.dir/CMakeCXXCompilerABI.cpp.obj -version -o /tmp/ccSHTJeA.s]
  ignore line: [GNU C++14 (2021-07-01_nds32le-elf-mculib-v5f-6374e1e0bda) version 10.2.1 20200726 (riscv32-elf)]
  ignore line: [	compiled by GNU C version 7.3.0  GMP version 6.0.0  MPFR version 3.1.3  MPC version 1.0.2  isl version isl-0.15-GMP]
  ignore line: []
  ignore line: [GGC heuristics: --param ggc-min-expand=100 --param ggc-min-heapsize=131072]
  ignore line: [ignoring duplicate directory "/home/opt/risc-v/nds32le-elf-mculib-v5f/bin/../lib/gcc/../../lib/gcc/riscv32-elf/10.2.1/../../../../riscv32-elf/include/c++/10.2.1"]
  ignore line: [ignoring duplicate directory "/home/opt/risc-v/nds32le-elf-mculib-v5f/bin/../lib/gcc/../../lib/gcc/riscv32-elf/10.2.1/../../../../riscv32-elf/include/c++/10.2.1/riscv32-elf"]
  ignore line: [ignoring duplicate directory "/home/opt/risc-v/nds32le-elf-mculib-v5f/bin/../lib/gcc/../../lib/gcc/riscv32-elf/10.2.1/../../../../riscv32-elf/include/c++/10.2.1/backward"]
  ignore line: [ignoring duplicate directory "/home/opt/risc-v/nds32le-elf-mculib-v5f/bin/../lib/gcc/../../lib/gcc/riscv32-elf/10.2.1/include"]
  ignore line: [ignoring duplicate directory "/home/opt/risc-v/nds32le-elf-mculib-v5f/bin/../lib/gcc/../../lib/gcc/riscv32-elf/10.2.1/include-fixed"]
  ignore line: [ignoring duplicate directory "/home/opt/risc-v/nds32le-elf-mculib-v5f/bin/../lib/gcc/../../lib/gcc/riscv32-elf/10.2.1/../../../../riscv32-elf/sys-include"]
  ignore line: [ignoring duplicate directory "/home/opt/risc-v/nds32le-elf-mculib-v5f/bin/../lib/gcc/../../lib/gcc/riscv32-elf/10.2.1/../../../../riscv32-elf/include"]
  ignore line: [#include "..." search starts here:]
  ignore line: [#include <...> search starts here:]
  ignore line: [ /home/opt/risc-v/nds32le-elf-mculib-v5f/bin/../lib/gcc/riscv32-elf/10.2.1/../../../../riscv32-elf/include/c++/10.2.1]
  ignore line: [ /home/opt/risc-v/nds32le-elf-mculib-v5f/bin/../lib/gcc/riscv32-elf/10.2.1/../../../../riscv32-elf/include/c++/10.2.1/riscv32-elf]
  ignore line: [ /home/opt/risc-v/nds32le-elf-mculib-v5f/bin/../lib/gcc/riscv32-elf/10.2.1/../../../../riscv32-elf/include/c++/10.2.1/backward]
  ignore line: [ /home/opt/risc-v/nds32le-elf-mculib-v5f/bin/../lib/gcc/riscv32-elf/10.2.1/include]
  ignore line: [ /home/opt/risc-v/nds32le-elf-mculib-v5f/bin/../lib/gcc/riscv32-elf/10.2.1/include-fixed]
  ignore line: [ /home/opt/risc-v/nds32le-elf-mculib-v5f/bin/../lib/gcc/riscv32-elf/10.2.1/../../../../riscv32-elf/sys-include]
  ignore line: [ /home/opt/risc-v/nds32le-elf-mculib-v5f/bin/../lib/gcc/riscv32-elf/10.2.1/../../../../riscv32-elf/include]
  ignore line: [End of search list.]
  ignore line: [GNU C++14 (2021-07-01_nds32le-elf-mculib-v5f-6374e1e0bda) version 10.2.1 20200726 (riscv32-elf)]
  ignore line: [	compiled by GNU C version 7.3.0  GMP version 6.0.0  MPFR version 3.1.3  MPC version 1.0.2  isl version isl-0.15-GMP]
  ignore line: []
  ignore line: [GGC heuristics: --param ggc-min-expand=100 --param ggc-min-heapsize=131072]
  ignore line: [Compiler executable checksum: c1c9dc6a23ec0b40d961f47ac20ca095]
  ignore line: [COLLECT_GCC_OPTIONS='-nostdlib' '-v' '-o' 'CMakeFiles/cmTC_14aea.dir/CMakeCXXCompilerABI.cpp.obj' '-c' '-mtune=n25f' '-march=rv32imfcxandes' '-mabi=ilp32f' '-march=rv32i2p0_m2p0_f2p0_c2p0_xandes5p0']
  ignore line: [ /home/opt/risc-v/nds32le-elf-mculib-v5f/bin/../lib/gcc/riscv32-elf/10.2.1/../../../../riscv32-elf/bin/as -v --traditional-format -march=rv32i2p0_m2p0_f2p0_c2p0_xandes5p0 -mabi=ilp32f -Os -o CMakeFiles/cmTC_14aea.dir/CMakeCXXCompilerABI.cpp.obj /tmp/ccSHTJeA.s]
  ignore line: [GNU assembler version 2.32.0 (riscv32-elf) using BFD version (2021-07-01_nds32le-elf-mculib-v5f-7365ea67fa) 2.32.0.20190522]
  ignore line: [COMPILER_PATH=/home/opt/risc-v/nds32le-elf-mculib-v5f/bin/../libexec/gcc/riscv32-elf/10.2.1/:/home/opt/risc-v/nds32le-elf-mculib-v5f/bin/../libexec/gcc/:/home/opt/risc-v/nds32le-elf-mculib-v5f/bin/../lib/gcc/riscv32-elf/10.2.1/../../../../riscv32-elf/bin/]
  ignore line: [LIBRARY_PATH=/home/opt/risc-v/nds32le-elf-mculib-v5f/bin/../lib/gcc/riscv32-elf/10.2.1/:/home/opt/risc-v/nds32le-elf-mculib-v5f/bin/../lib/gcc/:/home/opt/risc-v/nds32le-elf-mculib-v5f/bin/../lib/gcc/riscv32-elf/10.2.1/../../../../riscv32-elf/lib/]
  ignore line: [COLLECT_GCC_OPTIONS='-nostdlib' '-v' '-o' 'CMakeFiles/cmTC_14aea.dir/CMakeCXXCompilerABI.cpp.obj' '-c' '-mtune=n25f' '-march=rv32imfcxandes' '-mabi=ilp32f' '-march=rv32i2p0_m2p0_f2p0_c2p0_xandes5p0']
  ignore line: [[2/2] Linking CXX executable cmTC_14aea]
  ignore line: ["/home/opt/risc-v/nds32le-elf-mculib-v5f/bin/riscv32-elf-g++.gnu" "-nostdlib" "-v" "CMakeFiles/cmTC_14aea.dir/CMakeCXXCompilerABI.cpp.obj" "-o" "cmTC_14aea" "-lm" "-lgcc" "-lc" "-lgloss" ]
  ignore line: [Using built-in specs.]
  ignore line: [COLLECT_GCC=/home/opt/risc-v/nds32le-elf-mculib-v5f/bin/riscv32-elf-g++.gnu]
  ignore line: [COLLECT_LTO_WRAPPER=/home/opt/risc-v/nds32le-elf-mculib-v5f/bin/../libexec/gcc/riscv32-elf/10.2.1/lto-wrapper]
  ignore line: [Target: riscv32-elf]
  ignore line: [Configured with: /local/sqa/Jenkins/workspace/build-system-3/source-packages/gcc-10.2.0-riscv-ast-v5_0_0-branch/configure --target=riscv32-elf --prefix=/local/sqa/Jenkins/workspace/build-system-3/toolchain/nds32le-elf-mculib-v5f --with-pkgversion=2021-07-01_nds32le-elf-mculib-v5f-6374e1e0bda --disable-nls --enable-languages=c,c++ --enable-lto --with-gmp=/local/sqa/Jenkins/workspace/build-system-3/host-tools --with-mpfr=/local/sqa/Jenkins/workspace/build-system-3/host-tools --with-mpc=/local/sqa/Jenkins/workspace/build-system-3/host-tools --with-isl=/local/sqa/Jenkins/workspace/build-system-3/host-tools --with-cloog=/local/sqa/Jenkins/workspace/build-system-3/host-tools --without-zstd --with-arch=rv32imfcxandes --with-tune=n25f --enable-Os-default-ex9=yes --enable-gp-insn-relax-default=yes --disable-tls --with-libc=mculib --with-abi=ilp32f --disable-libsanitizer --disable-werror --enable-multilib=yes --with-multilib-list=dsp,no-fma --with-newlib --disable-shared --enable-threads=single --with-headers=/local/sqa/Jenkins/workspace/build-system-3/toolchain/nds32le-elf-mculib-v5f/riscv32-elf/include CFLAGS='-O2 -g -Wno-implicit-fallthrough -Wno-int-in-bool-context -Wno-cast-function-type' CXXFLAGS='-O2 -g -Wno-implicit-fallthrough -Wno-int-in-bool-context -Wno-cast-function-type' CC=/local/sqa/Jenkins/workspace/build-system-3/host-tools/bin/gcc CXX=/local/sqa/Jenkins/workspace/build-system-3/host-tools/bin/g++ LD=/local/sqa/Jenkins/workspace/build-system-3/host-tools/bin/ld AR=/local/sqa/Jenkins/workspace/build-system-3/host-tools/bin/gcc-ar RANLIB=/local/sqa/Jenkins/workspace/build-system-3/host-tools/bin/gcc-ranlib NM=/local/sqa/Jenkins/workspace/build-system-3/host-tools/bin/nm --enable-checking=release LDFLAGS=--static 'CFLAGS_FOR_TARGET=-O2 -g  -mstrict-align' 'CXXFLAGS_FOR_TARGET=-O2 -g  -mstrict-align' LDFLAGS_FOR_TARGET=]
  ignore line: [Thread model: single]
  ignore line: [Supported LTO compression algorithms: zlib]
  ignore line: [gcc version 10.2.1 20200726 (2021-07-01_nds32le-elf-mculib-v5f-6374e1e0bda) ]
  ignore line: [COMPILER_PATH=/home/opt/risc-v/nds32le-elf-mculib-v5f/bin/../libexec/gcc/riscv32-elf/10.2.1/:/home/opt/risc-v/nds32le-elf-mculib-v5f/bin/../libexec/gcc/:/home/opt/risc-v/nds32le-elf-mculib-v5f/bin/../lib/gcc/riscv32-elf/10.2.1/../../../../riscv32-elf/bin/]
  ignore line: [LIBRARY_PATH=/home/opt/risc-v/nds32le-elf-mculib-v5f/bin/../lib/gcc/riscv32-elf/10.2.1/:/home/opt/risc-v/nds32le-elf-mculib-v5f/bin/../lib/gcc/:/home/opt/risc-v/nds32le-elf-mculib-v5f/bin/../lib/gcc/riscv32-elf/10.2.1/../../../../riscv32-elf/lib/]
  ignore line: [COLLECT_GCC_OPTIONS='-nostdlib' '-v' '-o' 'cmTC_14aea' '-mtune=n25f' '-march=rv32imfcxandes' '-mabi=ilp32f' '-march=rv32i2p0_m2p0_f2p0_c2p0_xandes5p0']
  link line: [ /home/opt/risc-v/nds32le-elf-mculib-v5f/bin/../libexec/gcc/riscv32-elf/10.2.1/collect2 -plugin /home/opt/risc-v/nds32le-elf-mculib-v5f/bin/../libexec/gcc/riscv32-elf/10.2.1/liblto_plugin.so -plugin-opt=/home/opt/risc-v/nds32le-elf-mculib-v5f/bin/../libexec/gcc/riscv32-elf/10.2.1/lto-wrapper -plugin-opt=-fresolution=/tmp/cc2anqzC.res -melf32lriscv --mgp-insn-relax -o cmTC_14aea -L/home/opt/risc-v/nds32le-elf-mculib-v5f/bin/../lib/gcc/riscv32-elf/10.2.1 -L/home/opt/risc-v/nds32le-elf-mculib-v5f/bin/../lib/gcc -L/home/opt/risc-v/nds32le-elf-mculib-v5f/bin/../lib/gcc/riscv32-elf/10.2.1/../../../../riscv32-elf/lib CMakeFiles/cmTC_14aea.dir/CMakeCXXCompilerABI.cpp.obj -lm -lgcc -lc -lgloss]
    arg [/home/opt/risc-v/nds32le-elf-mculib-v5f/bin/../libexec/gcc/riscv32-elf/10.2.1/collect2] ==> ignore
    arg [-plugin] ==> ignore
    arg [/home/opt/risc-v/nds32le-elf-mculib-v5f/bin/../libexec/gcc/riscv32-elf/10.2.1/liblto_plugin.so] ==> ignore
    arg [-plugin-opt=/home/opt/risc-v/nds32le-elf-mculib-v5f/bin/../libexec/gcc/riscv32-elf/10.2.1/lto-wrapper] ==> ignore
    arg [-plugin-opt=-fresolution=/tmp/cc2anqzC.res] ==> ignore
    arg [-melf32lriscv] ==> ignore
    arg [--mgp-insn-relax] ==> ignore
    arg [-o] ==> ignore
    arg [cmTC_14aea] ==> ignore
    arg [-L/home/opt/risc-v/nds32le-elf-mculib-v5f/bin/../lib/gcc/riscv32-elf/10.2.1] ==> dir [/home/opt/risc-v/nds32le-elf-mculib-v5f/bin/../lib/gcc/riscv32-elf/10.2.1]
    arg [-L/home/opt/risc-v/nds32le-elf-mculib-v5f/bin/../lib/gcc] ==> dir [/home/opt/risc-v/nds32le-elf-mculib-v5f/bin/../lib/gcc]
    arg [-L/home/opt/risc-v/nds32le-elf-mculib-v5f/bin/../lib/gcc/riscv32-elf/10.2.1/../../../../riscv32-elf/lib] ==> dir [/home/opt/risc-v/nds32le-elf-mculib-v5f/bin/../lib/gcc/riscv32-elf/10.2.1/../../../../riscv32-elf/lib]
    arg [CMakeFiles/cmTC_14aea.dir/CMakeCXXCompilerABI.cpp.obj] ==> ignore
    arg [-lm] ==> lib [m]
    arg [-lgcc] ==> lib [gcc]
    arg [-lc] ==> lib [c]
    arg [-lgloss] ==> lib [gloss]
  collapse library dir [/home/opt/risc-v/nds32le-elf-mculib-v5f/bin/../lib/gcc/riscv32-elf/10.2.1] ==> [/home/opt/risc-v/nds32le-elf-mculib-v5f/lib/gcc/riscv32-elf/10.2.1]
  collapse library dir [/home/opt/risc-v/nds32le-elf-mculib-v5f/bin/../lib/gcc] ==> [/home/opt/risc-v/nds32le-elf-mculib-v5f/lib/gcc]
  collapse library dir [/home/opt/risc-v/nds32le-elf-mculib-v5f/bin/../lib/gcc/riscv32-elf/10.2.1/../../../../riscv32-elf/lib] ==> [/home/opt/risc-v/nds32le-elf-mculib-v5f/riscv32-elf/lib]
  implicit libs: [m;gcc;c;gloss]
  implicit objs: []
  implicit dirs: [/home/opt/risc-v/nds32le-elf-mculib-v5f/lib/gcc/riscv32-elf/10.2.1;/home/opt/risc-v/nds32le-elf-mculib-v5f/lib/gcc;/home/opt/risc-v/nds32le-elf-mculib-v5f/riscv32-elf/lib]
  implicit fwks: []


